<?xml version="1.0" encoding="UTF-8"?>
<testsuite xmlns:xsi="http://www.w3.org/2001/XMLSchema-instance" xsi:noNamespaceSchemaLocation="https://maven.apache.org/surefire/maven-surefire-plugin/xsd/surefire-test-report.xsd" version="3.0.1" name="com.microservices.notification.service.NotificationServiceTest" time="0.258" tests="2" errors="0" skipped="0" failures="0">
  <properties>
[...]
</properties>
  <testcase name="markAsReadUpdatesState" classname="com.microservices.notification.service.NotificationServiceTest" time="0.252"/>
  <testcase name="onDomainEventSkipsDuplicateReplay" classname="com.microservices.notification.service.NotificationServiceTest" time="0.005"/>
</testsuite>