<?xml version="1.0" encoding="UTF-8"?>
<testsuite xmlns:xsi="http://www.w3.org/2001/XMLSchema-instance" xsi:noNamespaceSchemaLocation="https://maven.apache.org/surefire/maven-surefire-plugin/xsd/surefire-test-report.xsd" version="3.0.1" name="com.microservices.common.kafka.CommonKafkaIntegrationTest" time="2.885" tests="1" errors="0" skipped="0" failures="0">
  <properties>
[...]
</properties>
  <testcase name="publishesAndConsumesDomainEvent" classname="com.microservices.common.kafka.CommonKafkaIntegrationTest" time="1.459">
    <system-out><![CDATA[21:43:26.974 [main] INFO org.springframework.test.context.support.AnnotationConfigContextLoaderUtils -- Could not detect default configuration classes for test class [com.microservices.common.kafka.CommonKafkaIntegrationTest]: CommonKafkaIntegrationTest does not declare any static, non-private, non-final, nested classes annotated with @Configuration.
21:43:27.047 [main] WARN org.springframework.boot.test.json.DuplicateJsonObjectContextCustomizerFactory$DuplicateJsonObjectContextCustomizer -- 

Found multiple occurrences of org.json.JSONObject on the class path:

	jar:file:/Users/medindev/.m2/repository/com/vaadin/external/google/android-json/0.0.20131108.vaadin1/android-json-0.0.20131108.vaadin1.jar!/org/json/JSONObject.class
	jar:file:/Users/medindev/.m2/repository/org/json/json/20240205/json-20240205.jar!/org/json/JSONObject.class

You may wish to exclude one of them to ensure predictable runtime behavior

21:43:27.169 [main] INFO kafka.utils.Log4jControllerRegistration$ -- Registered kafka:type=kafka.Log4jController MBean
21:43:27.198 [main] INFO org.apache.zookeeper.server.ZooKeeperServer -- 
21:43:27.198 [main] INFO org.apache.zookeeper.server.ZooKeeperServer --   ______                  _                                          
21:43:27.198 [main] INFO org.apache.zookeeper.server.ZooKeeperServer --  |___  /                 | |                                         
21:43:27.198 [main] INFO org.apache.zookeeper.server.ZooKeeperServer --     / /    ___     ___   | | __   ___    ___   _ __     ___   _ __   
21:43:27.198 [main] INFO org.apache.zookeeper.server.ZooKeeperServer --    / /    / _ \   / _ \  | |/ /  / _ \  / _ \ | '_ \   / _ \ | '__|
21:43:27.198 [main] INFO org.apache.zookeeper.server.ZooKeeperServer --   / /__  | (_) | | (_) | |   <  |  __/ |  __/ | |_) | |  __/ | |    
21:43:27.198 [main] INFO org.apache.zookeeper.server.ZooKeeperServer --  /_____|  \___/   \___/  |_|\_\  \___|  \___| | .__/   \___| |_|
21:43:27.198 [main] INFO org.apache.zookeeper.server.ZooKeeperServer --                                               | |                     
21:43:27.198 [main] INFO org.apache.zookeeper.server.ZooKeeperServer --                                               |_|                     
21:43:27.198 [main] INFO org.apache.zookeeper.server.ZooKeeperServer -- 
21:43:27.240 [main] INFO org.apache.zookeeper.server.ZooKeeperServer -- Server environment:zookeeper.version=3.8.4-9316c2a7a97e1666d8f4593f34dd6fc36ecc436c, built on 2024-02-12 22:16 UTC
21:43:27.240 [main] INFO org.apache.zookeeper.server.ZooKeeperServer -- Server environment:host.name=macbookpro.lan
21:43:27.240 [main] INFO org.apache.zookeeper.server.ZooKeeperServer -- Server environment:java.version=24.0.2
21:43:27.240 [main] INFO org.apache.zookeeper.server.ZooKeeperServer -- Server environment:java.vendor=Homebrew
21:43:27.240 [main] INFO org.apache.zookeeper.server.ZooKeeperServer -- Server environment:java.home=/opt/homebrew/Cellar/openjdk/24.0.2/libexec/openjdk.jdk/Contents/Home
21:43:27.240 [main] INFO org.apache.zookeeper.server.ZooKeeperServer -- Server environment:java.class.path=/Users/medindev/Dev/portfolio Backend/Microservices_architecture/services/common-library/target/test-classes:/Users/medindev/Dev/portfolio Backend/Microservices_architecture/services/common-library/target/classes:/Users/medindev/.m2/repository/org/springframework/boot/spring-boot-starter-web/3.3.4/spring-boot-starter-web-3.3.4.jar:/Users/medindev/.m2/repository/org/springframework/boot/spring-boot-starter/3.3.4/spring-boot-starter-3.3.4.jar:/Users/medindev/.m2/repository/org/springframework/boot/spring-boot/3.3.4/spring-boot-3.3.4.jar:/Users/medindev/.m2/repository/org/springframework/boot/spring-boot-autoconfigure/3.3.4/spring-boot-autoconfigure-3.3.4.jar:/Users/medindev/.m2/repository/org/springframework/boot/spring-boot-starter-logging/3.3.4/spring-boot-starter-logging-3.3.4.jar:/Users/medindev/.m2/repository/org/apache/logging/log4j/log4j-to-slf4j/2.23.1/log4j-to-slf4j-2.23.1.jar:/Users/medindev/.m2/repository/org/apache/logging/log4j/log4j-api/2.23.1/log4j-api-2.23.1.jar:/Users/medindev/.m2/repository/org/slf4j/jul-to-slf4j/2.0.16/jul-to-slf4j-2.0.16.jar:/Users/medindev/.m2/repository/jakarta/annotation/jakarta.annotation-api/2.1.1/jakarta.annotation-api-2.1.1.jar:/Users/medindev/.m2/repository/org/yaml/snakeyaml/2.2/snakeyaml-2.2.jar:/Users/medindev/.m2/repository/org/springframework/boot/spring-boot-starter-json/3.3.4/spring-boot-starter-json-3.3.4.jar:/Users/medindev/.m2/repository/com/fasterxml/jackson/datatype/jackson-datatype-jdk8/2.17.2/jackson-datatype-jdk8-2.17.2.jar:/Users/medindev/.m2/repository/com/fasterxml/jackson/datatype/jackson-datatype-jsr310/2.17.2/jackson-datatype-jsr310-2.17.2.jar:/Users/medindev/.m2/repository/com/fasterxml/jackson/module/jackson-module-parameter-names/2.17.2/jackson-module-parameter-names-2.17.2.jar:/Users/medindev/.m2/repository/org/springframework/boot/spring-boot-starter-tomcat/3.3.4/spring-boot-starter-tomcat-3.3.4.jar:/Users/medindev/.m2/repository/org/apache/tomcat/embed/tomcat-embed-core/10.1.30/tomcat-embed-core-10.1.30.jar:/Users/medindev/.m2/repository/org/apache/tomcat/embed/tomcat-embed-websocket/10.1.30/tomcat-embed-websocket-10.1.30.jar:/Users/medindev/.m2/repository/org/springframework/spring-web/6.1.13/spring-web-6.1.13.jar:/Users/medindev/.m2/repository/org/springframework/spring-beans/6.1.13/spring-beans-6.1.13.jar:/Users/medindev/.m2/repository/org/springframework/spring-webmvc/6.1.13/spring-webmvc-6.1.13.jar:/Users/medindev/.m2/repository/org/springframework/spring-expression/6.1.13/spring-expression-6.1.13.jar:/Users/medindev/.m2/repository/org/springframework/boot/spring-boot-starter-security/3.3.4/spring-boot-starter-security-3.3.4.jar:/Users/medindev/.m2/repository/org/springframework/spring-aop/6.1.13/spring-aop-6.1.13.jar:/Users/medindev/.m2/repository/org/springframework/security/spring-security-config/6.3.3/spring-security-config-6.3.3.jar:/Users/medindev/.m2/repository/org/springframework/security/spring-security-web/6.3.3/spring-security-web-6.3.3.jar:/Users/medindev/.m2/repository/org/springframework/boot/spring-boot-starter-oauth2-resource-server/3.3.4/spring-boot-starter-oauth2-resource-server-3.3.4.jar:/Users/medindev/.m2/repository/org/springframework/security/spring-security-core/6.3.3/spring-security-core-6.3.3.jar:/Users/medindev/.m2/repository/org/springframework/security/spring-security-crypto/6.3.3/spring-security-crypto-6.3.3.jar:/Users/medindev/.m2/repository/org/springframework/security/spring-security-oauth2-resource-server/6.3.3/spring-security-oauth2-resource-server-6.3.3.jar:/Users/medindev/.m2/repository/org/springframework/security/spring-security-oauth2-core/6.3.3/spring-security-oauth2-core-6.3.3.jar:/Users/medindev/.m2/repository/org/springframework/security/spring-security-oauth2-jose/6.3.3/spring-security-oauth2-jose-6.3.3.jar:/Users/medindev/.m2/repository/com/nimbusds/nimbus-jose-jwt/9.37.3/nimbus-jose-jwt-9.37.3.jar:/Users/medindev/.m2/repository/com/github/stephenc/jcip/jcip-annotations/1.0-1/jcip-annotations-1.0-1.jar:/Users/medindev/.m2/repository/org/springframework/kafka/spring-kafka/3.2.4/spring-kafka-3.2.4.jar:/Users/medindev/.m2/repository/org/springframework/spring-context/6.1.13/spring-context-6.1.13.jar:/Users/medindev/.m2/repository/org/springframework/spring-messaging/6.1.13/spring-messaging-6.1.13.jar:/Users/medindev/.m2/repository/org/springframework/spring-tx/6.1.13/spring-tx-6.1.13.jar:/Users/medindev/.m2/repository/org/springframework/retry/spring-retry/2.0.9/spring-retry-2.0.9.jar:/Users/medindev/.m2/repository/org/apache/kafka/kafka-clients/3.7.1/kafka-clients-3.7.1.jar:/Users/medindev/.m2/repository/com/github/luben/zstd-jni/1.5.6-3/zstd-jni-1.5.6-3.jar:/Users/medindev/.m2/repository/org/lz4/lz4-java/1.8.0/lz4-java-1.8.0.jar:/Users/medindev/.m2/repository/org/xerial/snappy/snappy-java/1.1.10.5/snappy-java-1.1.10.5.jar:/Users/medindev/.m2/repository/io/micrometer/micrometer-observation/1.13.4/micrometer-observation-1.13.4.jar:/Users/medindev/.m2/repository/io/micrometer/micrometer-commons/1.13.4/micrometer-commons-1.13.4.jar:/Users/medindev/.m2/repository/org/springframework/boot/spring-boot-starter-aop/3.3.4/spring-boot-starter-aop-3.3.4.jar:/Users/medindev/.m2/repository/org/aspectj/aspectjweaver/1.9.22.1/aspectjweaver-1.9.22.1.jar:/Users/medindev/.m2/repository/jakarta/servlet/jakarta.servlet-api/6.0.0/jakarta.servlet-api-6.0.0.jar:/Users/medindev/.m2/repository/io/jsonwebtoken/jjwt-api/0.12.6/jjwt-api-0.12.6.jar:/Users/medindev/.m2/repository/io/jsonwebtoken/jjwt-impl/0.12.6/jjwt-impl-0.12.6.jar:/Users/medindev/.m2/repository/io/jsonwebtoken/jjwt-jackson/0.12.6/jjwt-jackson-0.12.6.jar:/Users/medindev/.m2/repository/com/fasterxml/jackson/core/jackson-databind/2.17.2/jackson-databind-2.17.2.jar:/Users/medindev/.m2/repository/com/fasterxml/jackson/core/jackson-annotations/2.17.2/jackson-annotations-2.17.2.jar:/Users/medindev/.m2/repository/com/fasterxml/jackson/core/jackson-core/2.17.2/jackson-core-2.17.2.jar:/Users/medindev/.m2/repository/org/springframework/boot/spring-boot-starter-actuator/3.3.4/spring-boot-starter-actuator-3.3.4.jar:/Users/medindev/.m2/repository/org/springframework/boot/spring-boot-actuator-autoconfigure/3.3.4/spring-boot-actuator-autoconfigure-3.3.4.jar:/Users/medindev/.m2/repository/org/springframework/boot/spring-boot-actuator/3.3.4/spring-boot-actuator-3.3.4.jar:/Users/medindev/.m2/repository/io/micrometer/micrometer-jakarta9/1.13.4/micrometer-jakarta9-1.13.4.jar:/Users/medindev/.m2/repository/io/micrometer/micrometer-registry-prometheus/1.13.4/micrometer-registry-prometheus-1.13.4.jar:/Users/medindev/.m2/repository/io/micrometer/micrometer-core/1.13.4/micrometer-core-1.13.4.jar:/Users/medindev/.m2/repository/org/hdrhistogram/HdrHistogram/2.2.2/HdrHistogram-2.2.2.jar:/Users/medindev/.m2/repository/org/latencyutils/LatencyUtils/2.0.3/LatencyUtils-2.0.3.jar:/Users/medindev/.m2/repository/io/prometheus/prometheus-metrics-core/1.2.1/prometheus-metrics-core-1.2.1.jar:/Users/medindev/.m2/repository/io/prometheus/prometheus-metrics-model/1.2.1/prometheus-metrics-model-1.2.1.jar:/Users/medindev/.m2/repository/io/prometheus/prometheus-metrics-config/1.2.1/prometheus-metrics-config-1.2.1.jar:/Users/medindev/.m2/repository/io/prometheus/prometheus-metrics-tracer-common/1.2.1/prometheus-metrics-tracer-common-1.2.1.jar:/Users/medindev/.m2/repository/io/prometheus/prometheus-metrics-exposition-formats/1.2.1/prometheus-metrics-exposition-formats-1.2.1.jar:/Users/medindev/.m2/repository/io/prometheus/prometheus-metrics-shaded-protobuf/1.2.1/prometheus-metrics-shaded-protobuf-1.2.1.jar:/Users/medindev/.m2/repository/io/micrometer/micrometer-tracing-bridge-brave/1.3.4/micrometer-tracing-bridge-brave-1.3.4.jar:/Users/medindev/.m2/repository/io/micrometer/micrometer-tracing/1.3.4/micrometer-tracing-1.3.4.jar:/Users/medindev/.m2/repository/io/micrometer/context-propagation/1.1.1/context-propagation-1.1.1.jar:/Users/medindev/.m2/repository/aopalliance/aopalliance/1.0/aopalliance-1.0.jar:/Users/medindev/.m2/repository/org/slf4j/slf4j-api/2.0.16/slf4j-api-2.0.16.jar:/Users/medindev/.m2/repository/io/zipkin/brave/brave/6.0.3/brave-6.0.3.jar:/Users/medindev/.m2/repository/io/zipkin/brave/brave-context-slf4j/6.0.3/brave-context-slf4j-6.0.3.jar:/Users/medindev/.m2/repository/io/zipkin/brave/brave-instrumentation-http/6.0.3/brave-instrumentation-http-6.0.3.jar:/Users/medindev/.m2/repository/io/zipkin/aws/brave-propagation-aws/1.2.5/brave-propagation-aws-1.2.5.jar:/Users/medindev/.m2/repository/io/zipkin/contrib/brave-propagation-w3c/brave-propagation-tracecontext/0.2.0/brave-propagation-tracecontext-0.2.0.jar:/Users/medindev/.m2/repository/io/zipkin/reporter2/zipkin-reporter-brave/3.4.2/zipkin-reporter-brave-3.4.2.jar:/Users/medindev/.m2/repository/io/zipkin/reporter2/zipkin-reporter/3.4.2/zipkin-reporter-3.4.2.jar:/Users/medindev/.m2/repository/org/springframework/boot/spring-boot-starter-validation/3.3.4/spring-boot-starter-validation-3.3.4.jar:/Users/medindev/.m2/repository/org/apache/tomcat/embed/tomcat-embed-el/10.1.30/tomcat-embed-el-10.1.30.jar:/Users/medindev/.m2/repository/org/hibernate/validator/hibernate-validator/8.0.1.Final/hibernate-validator-8.0.1.Final.jar:/Users/medindev/.m2/repository/jakarta/validation/jakarta.validation-api/3.0.2/jakarta.validation-api-3.0.2.jar:/Users/medindev/.m2/repository/org/jboss/logging/jboss-logging/3.5.3.Final/jboss-logging-3.5.3.Final.jar:/Users/medindev/.m2/repository/com/fasterxml/classmate/1.7.0/classmate-1.7.0.jar:/Users/medindev/.m2/repository/org/springframework/boot/spring-boot-starter-test/3.3.4/spring-boot-starter-test-3.3.4.jar:/Users/medindev/.m2/repository/org/springframework/boot/spring-boot-test/3.3.4/spring-boot-test-3.3.4.jar:/Users/medindev/.m2/repository/org/springframework/boot/spring-boot-test-autoconfigure/3.3.4/spring-boot-test-autoconfigure-3.3.4.jar:/Users/medindev/.m2/repository/com/jayway/jsonpath/json-path/2.9.0/json-path-2.9.0.jar:/Users/medindev/.m2/repository/jakarta/xml/bind/jakarta.xml.bind-api/4.0.2/jakarta.xml.bind-api-4.0.2.jar:/Users/medindev/.m2/repository/jakarta/activation/jakarta.activation-api/2.1.3/jakarta.activation-api-2.1.3.jar:/Users/medindev/.m2/repository/net/minidev/json-smart/2.5.1/json-smart-2.5.1.jar:/Users/medindev/.m2/repository/net/minidev/accessors-smart/2.5.1/accessors-smart-2.5.1.jar:/Users/medindev/.m2/repository/org/ow2/asm/asm/9.6/asm-9.6.jar:/Users/medindev/.m2/repository/org/assertj/assertj-core/3.25.3/assertj-core-3.25.3.jar:/Users/medindev/.m2/repository/net/bytebuddy/byte-buddy/1.14.19/byte-buddy-1.14.19.jar:/Users/medindev/.m2/repository/org/awaitility/awaitility/4.2.2/awaitility-4.2.2.jar:/Users/medindev/.m2/repository/org/hamcrest/hamcrest/2.2/hamcrest-2.2.jar:/Users/medindev/.m2/repository/org/junit/jupiter/junit-jupiter/5.10.3/junit-jupiter-5.10.3.jar:/Users/medindev/.m2/repository/org/junit/jupiter/junit-jupiter-params/5.10.3/junit-jupiter-params-5.10.3.jar:/Users/medindev/.m2/repository/org/junit/jupiter/junit-jupiter-engine/5.10.3/junit-jupiter-engine-5.10.3.jar:/Users/medindev/.m2/repository/org/mockito/mockito-core/5.11.0/mockito-core-5.11.0.jar:/Users/medindev/.m2/repository/net/bytebuddy/byte-buddy-agent/1.14.19/byte-buddy-agent-1.14.19.jar:/Users/medindev/.m2/repository/org/objenesis/objenesis/3.3/objenesis-3.3.jar:/Users/medindev/.m2/repository/org/mockito/mockito-junit-jupiter/5.11.0/mockito-junit-jupiter-5.11.0.jar:/Users/medindev/.m2/repository/org/skyscreamer/jsonassert/1.5.3/jsonassert-1.5.3.jar:/Users/medindev/.m2/repository/com/vaadin/external/google/android-json/0.0.20131108.vaadin1/android-json-0.0.20131108.vaadin1.jar:/Users/medindev/.m2/repository/org/springframework/spring-core/6.1.13/spring-core-6.1.13.jar:/Users/medindev/.m2/repository/org/springframework/spring-jcl/6.1.13/spring-jcl-6.1.13.jar:/Users/medindev/.m2/repository/org/springframework/spring-test/6.1.13/spring-test-6.1.13.jar:/Users/medindev/.m2/repository/org/xmlunit/xmlunit-core/2.9.1/xmlunit-core-2.9.1.jar:/Users/medindev/.m2/repository/org/springframework/kafka/spring-kafka-test/3.2.4/spring-kafka-test-3.2.4.jar:/Users/medindev/.m2/repository/org/apache/zookeeper/zookeeper/3.8.4/zookeeper-3.8.4.jar:/Users/medindev/.m2/repository/org/apache/zookeeper/zookeeper-jute/3.8.4/zookeeper-jute-3.8.4.jar:/Users/medindev/.m2/repository/org/apache/yetus/audience-annotations/0.12.0/audience-annotations-0.12.0.jar:/Users/medindev/.m2/repository/io/netty/netty-handler/4.1.113.Final/netty-handler-4.1.113.Final.jar:/Users/medindev/.m2/repository/io/netty/netty-common/4.1.113.Final/netty-common-4.1.113.Final.jar:/Users/medindev/.m2/repository/io/netty/netty-resolver/4.1.113.Final/netty-resolver-4.1.113.Final.jar:/Users/medindev/.m2/repository/io/netty/netty-buffer/4.1.113.Final/netty-buffer-4.1.113.Final.jar:/Users/medindev/.m2/repository/io/netty/netty-transport/4.1.113.Final/netty-transport-4.1.113.Final.jar:/Users/medindev/.m2/repository/io/netty/netty-transport-native-unix-common/4.1.113.Final/netty-transport-native-unix-common-4.1.113.Final.jar:/Users/medindev/.m2/repository/io/netty/netty-codec/4.1.113.Final/netty-codec-4.1.113.Final.jar:/Users/medindev/.m2/repository/io/netty/netty-transport-native-epoll/4.1.113.Final/netty-transport-native-epoll-4.1.113.Final.jar:/Users/medindev/.m2/repository/io/netty/netty-transport-classes-epoll/4.1.113.Final/netty-transport-classes-epoll-4.1.113.Final.jar:/Users/medindev/.m2/repository/ch/qos/logback/logback-core/1.5.8/logback-core-1.5.8.jar:/Users/medindev/.m2/repository/ch/qos/logback/logback-classic/1.5.8/logback-classic-1.5.8.jar:/Users/medindev/.m2/repository/commons-io/commons-io/2.11.0/commons-io-2.11.0.jar:/Users/medindev/.m2/repository/org/apache/kafka/kafka-clients/3.7.1/kafka-clients-3.7.1-test.jar:/Users/medindev/.m2/repository/org/apache/kafka/kafka-metadata/3.7.1/kafka-metadata-3.7.1.jar:/Users/medindev/.m2/repository/org/apache/kafka/kafka-raft/3.7.1/kafka-raft-3.7.1.jar:/Users/medindev/.m2/repository/com/yammer/metrics/metrics-core/2.2.0/metrics-core-2.2.0.jar:/Users/medindev/.m2/repository/org/apache/kafka/kafka-server-common/3.7.1/kafka-server-common-3.7.1.jar:/Users/medindev/.m2/repository/net/sf/jopt-simple/jopt-simple/5.0.4/jopt-simple-5.0.4.jar:/Users/medindev/.m2/repository/org/pcollections/pcollections/4.0.1/pcollections-4.0.1.jar:/Users/medindev/.m2/repository/org/apache/kafka/kafka-server-common/3.7.1/kafka-server-common-3.7.1-test.jar:/Users/medindev/.m2/repository/org/apache/kafka/kafka-streams-test-utils/3.7.1/kafka-streams-test-utils-3.7.1.jar:/Users/medindev/.m2/repository/org/apache/kafka/kafka-streams/3.7.1/kafka-streams-3.7.1.jar:/Users/medindev/.m2/repository/org/rocksdb/rocksdbjni/7.9.2/rocksdbjni-7.9.2.jar:/Users/medindev/.m2/repository/org/apache/kafka/kafka_2.13/3.7.1/kafka_2.13-3.7.1.jar:/Users/medindev/.m2/repository/org/scala-lang/scala-library/2.13.12/scala-library-2.13.12.jar:/Users/medindev/.m2/repository/org/apache/kafka/kafka-group-coordinator/3.7.1/kafka-group-coordinator-3.7.1.jar:/Users/medindev/.m2/repository/org/apache/kafka/kafka-storage-api/3.7.1/kafka-storage-api-3.7.1.jar:/Users/medindev/.m2/repository/org/apache/kafka/kafka-tools-api/3.7.1/kafka-tools-api-3.7.1.jar:/Users/medindev/.m2/repository/org/apache/kafka/kafka-storage/3.7.1/kafka-storage-3.7.1.jar:/Users/medindev/.m2/repository/com/github/ben-manes/caffeine/caffeine/3.1.8/caffeine-3.1.8.jar:/Users/medindev/.m2/repository/org/checkerframework/checker-qual/3.37.0/checker-qual-3.37.0.jar:/Users/medindev/.m2/repository/com/google/errorprone/error_prone_annotations/2.21.1/error_prone_annotations-2.21.1.jar:/Users/medindev/.m2/repository/org/apache/kafka/kafka-server/3.7.1/kafka-server-3.7.1.jar:/Users/medindev/.m2/repository/net/sourceforge/argparse4j/argparse4j/0.7.0/argparse4j-0.7.0.jar:/Users/medindev/.m2/repository/commons-validator/commons-validator/1.7/commons-validator-1.7.jar:/Users/medindev/.m2/repository/commons-beanutils/commons-beanutils/1.9.4/commons-beanutils-1.9.4.jar:/Users/medindev/.m2/repository/commons-digester/commons-digester/2.1/commons-digester-2.1.jar:/Users/medindev/.m2/repository/commons-collections/commons-collections/3.2.2/commons-collections-3.2.2.jar:/Users/medindev/.m2/repository/com/fasterxml/jackson/module/jackson-module-scala_2.13/2.17.2/jackson-module-scala_2.13-2.17.2.jar:/Users/medindev/.m2/repository/com/thoughtworks/paranamer/paranamer/2.8/paranamer-2.8.jar:/Users/medindev/.m2/repository/com/fasterxml/jackson/dataformat/jackson-dataformat-csv/2.17.2/jackson-dataformat-csv-2.17.2.jar:/Users/medindev/.m2/repository/org/bitbucket/b_c/jose4j/0.9.4/jose4j-0.9.4.jar:/Users/medindev/.m2/repository/org/scala-lang/modules/scala-collection-compat_2.13/2.10.0/scala-collection-compat_2.13-2.10.0.jar:/Users/medindev/.m2/repository/org/scala-lang/modules/scala-java8-compat_2.13/1.0.2/scala-java8-compat_2.13-1.0.2.jar:/Users/medindev/.m2/repository/org/scala-lang/scala-reflect/2.13.12/scala-reflect-2.13.12.jar:/Users/medindev/.m2/repository/com/typesafe/scala-logging/scala-logging_2.13/3.9.4/scala-logging_2.13-3.9.4.jar:/Users/medindev/.m2/repository/io/dropwizard/metrics/metrics-core/4.1.12.1/metrics-core-4.1.12.1.jar:/Users/medindev/.m2/repository/commons-cli/commons-cli/1.4/commons-cli-1.4.jar:/Users/medindev/.m2/repository/org/apache/kafka/kafka_2.13/3.7.1/kafka_2.13-3.7.1-test.jar:/Users/medindev/.m2/repository/org/junit/jupiter/junit-jupiter-api/5.10.3/junit-jupiter-api-5.10.3.jar:/Users/medindev/.m2/repository/org/opentest4j/opentest4j/1.3.0/opentest4j-1.3.0.jar:/Users/medindev/.m2/repository/org/junit/platform/junit-platform-commons/1.10.3/junit-platform-commons-1.10.3.jar:/Users/medindev/.m2/repository/org/apiguardian/apiguardian-api/1.1.2/apiguardian-api-1.1.2.jar:/Users/medindev/.m2/repository/org/junit/platform/junit-platform-launcher/1.10.3/junit-platform-launcher-1.10.3.jar:/Users/medindev/.m2/repository/org/junit/platform/junit-platform-engine/1.10.3/junit-platform-engine-1.10.3.jar:/Users/medindev/.m2/repository/org/testcontainers/junit-jupiter/1.19.8/junit-jupiter-1.19.8.jar:/Users/medindev/.m2/repository/org/testcontainers/testcontainers/1.19.8/testcontainers-1.19.8.jar:/Users/medindev/.m2/repository/junit/junit/4.13.2/junit-4.13.2.jar:/Users/medindev/.m2/repository/org/hamcrest/hamcrest-core/2.2/hamcrest-core-2.2.jar:/Users/medindev/.m2/repository/org/apache/commons/commons-compress/1.24.0/commons-compress-1.24.0.jar:/Users/medindev/.m2/repository/org/rnorth/duct-tape/duct-tape/1.0.8/duct-tape-1.0.8.jar:/Users/medindev/.m2/repository/com/github/docker-java/docker-java-api/3.3.6/docker-java-api-3.3.6.jar:/Users/medindev/.m2/repository/com/github/docker-java/docker-java-transport-zerodep/3.3.6/docker-java-transport-zerodep-3.3.6.jar:/Users/medindev/.m2/repository/com/github/docker-java/docker-java-transport/3.3.6/docker-java-transport-3.3.6.jar:/Users/medindev/.m2/repository/net/java/dev/jna/jna/5.13.0/jna-5.13.0.jar:/Users/medindev/.m2/repository/org/testcontainers/postgresql/1.19.8/postgresql-1.19.8.jar:/Users/medindev/.m2/repository/org/testcontainers/jdbc/1.19.8/jdbc-1.19.8.jar:/Users/medindev/.m2/repository/org/testcontainers/database-commons/1.19.8/database-commons-1.19.8.jar:/Users/medindev/.m2/repository/org/testcontainers/kafka/1.19.8/kafka-1.19.8.jar:/Users/medindev/.m2/repository/au/com/dius/pact/consumer/junit5/4.6.15/junit5-4.6.15.jar:/Users/medindev/.m2/repository/au/com/dius/pact/consumer/4.6.15/consumer-4.6.15.jar:/Users/medindev/.m2/repository/au/com/dius/pact/core/support/4.6.15/support-4.6.15.jar:/Users/medindev/.m2/repository/io/github/oshai/kotlin-logging-jvm/5.1.4/kotlin-logging-jvm-5.1.4.jar:/Users/medindev/.m2/repository/org/jetbrains/kotlin/kotlin-stdlib-jdk8/1.9.25/kotlin-stdlib-jdk8-1.9.25.jar:/Users/medindev/.m2/repository/commons-codec/commons-codec/1.16.1/commons-codec-1.16.1.jar:/Users/medindev/.m2/repository/com/github/mifmif/generex/1.0.2/generex-1.0.2.jar:/Users/medindev/.m2/repository/dk/brics/automaton/automaton/1.11-8/automaton-1.11-8.jar:/Users/medindev/.m2/repository/au/com/dius/pact/core/model/4.6.15/model-4.6.15.jar:/Users/medindev/.m2/repository/au/com/dius/pact/core/pactbroker/4.6.15/pactbroker-4.6.15.jar:/Users/medindev/.m2/repository/org/apache/commons/commons-collections4/4.4/commons-collections4-4.4.jar:/Users/medindev/.m2/repository/javax/mail/mail/1.5.0-b01/mail-1.5.0-b01.jar:/Users/medindev/.m2/repository/javax/activation/activation/1.1/activation-1.1.jar:/Users/medindev/.m2/repository/io/ktor/ktor-http-jvm/2.3.8/ktor-http-jvm-2.3.8.jar:/Users/medindev/.m2/repository/org/jetbrains/kotlin/kotlin-stdlib-jdk7/1.9.25/kotlin-stdlib-jdk7-1.9.25.jar:/Users/medindev/.m2/repository/org/jetbrains/kotlinx/kotlinx-coroutines-jdk8/1.8.1/kotlinx-coroutines-jdk8-1.8.1.jar:/Users/medindev/.m2/repository/org/jetbrains/kotlinx/kotlinx-coroutines-core-jvm/1.8.1/kotlinx-coroutines-core-jvm-1.8.1.jar:/Users/medindev/.m2/repository/io/ktor/ktor-utils-jvm/2.3.8/ktor-utils-jvm-2.3.8.jar:/Users/medindev/.m2/repository/io/ktor/ktor-io-jvm/2.3.8/ktor-io-jvm-2.3.8.jar:/Users/medindev/.m2/repository/au/com/dius/pact/core/matchers/4.6.15/matchers-4.6.15.jar:/Users/medindev/.m2/repository/io/github/java-diff-utils/java-diff-utils/4.12/java-diff-utils-4.12.jar:/Users/medindev/.m2/repository/org/atteo/evo-inflector/1.3/evo-inflector-1.3.jar:/Users/medindev/.m2/repository/com/github/ajalt/mordant/1.2.1/mordant-1.2.1.jar:/Users/medindev/.m2/repository/com/github/ajalt/colormath/1.2.0/colormath-1.2.0.jar:/Users/medindev/.m2/repository/com/github/zafarkhaja/java-semver/0.9.0/java-semver-0.9.0.jar:/Users/medindev/.m2/repository/org/apache/httpcomponents/client5/httpclient5/5.3.1/httpclient5-5.3.1.jar:/Users/medindev/.m2/repository/org/apache/httpcomponents/core5/httpcore5/5.2.5/httpcore5-5.2.5.jar:/Users/medindev/.m2/repository/org/apache/httpcomponents/core5/httpcore5-h2/5.2.5/httpcore5-h2-5.2.5.jar:/Users/medindev/.m2/repository/org/json/json/20240205/json-20240205.jar:/Users/medindev/.m2/repository/org/apache/httpcomponents/client5/httpclient5-fluent/5.3.1/httpclient5-fluent-5.3.1.jar:/Users/medindev/.m2/repository/com/googlecode/java-diff-utils/diffutils/1.3.0/diffutils-1.3.0.jar:/Users/medindev/.m2/repository/io/ktor/ktor-server-netty/2.3.8/ktor-server-netty-2.3.8.jar:/Users/medindev/.m2/repository/org/jetbrains/kotlinx/kotlinx-coroutines-core/1.8.1/kotlinx-coroutines-core-1.8.1.jar:/Users/medindev/.m2/repository/org/jetbrains/kotlin/kotlin-stdlib-common/1.9.25/kotlin-stdlib-common-1.9.25.jar:/Users/medindev/.m2/repository/io/ktor/ktor-network-tls-certificates/2.3.8/ktor-network-tls-certificates-2.3.8.jar:/Users/medindev/.m2/repository/io/ktor/ktor-server-call-logging/2.3.8/ktor-server-call-logging-2.3.8.jar:/Users/medindev/.m2/repository/io/ktor/ktor-server-core/2.3.8/ktor-server-core-2.3.8.jar:/Users/medindev/.m2/repository/org/jetbrains/kotlinx/atomicfu/0.19.0/atomicfu-0.19.0.jar:/Users/medindev/.m2/repository/org/jetbrains/kotlinx/atomicfu-jvm/0.19.0/atomicfu-jvm-0.19.0.jar:/Users/medindev/.m2/repository/io/ktor/ktor-utils/2.3.8/ktor-utils-2.3.8.jar:/Users/medindev/.m2/repository/io/ktor/ktor-io/2.3.8/ktor-io-2.3.8.jar:/Users/medindev/.m2/repository/io/ktor/ktor-http/2.3.8/ktor-http-2.3.8.jar:/Users/medindev/.m2/repository/io/ktor/ktor-serialization/2.3.8/ktor-serialization-2.3.8.jar:/Users/medindev/.m2/repository/io/ktor/ktor-websockets/2.3.8/ktor-websockets-2.3.8.jar:/Users/medindev/.m2/repository/io/ktor/ktor-events/2.3.8/ktor-events-2.3.8.jar:/Users/medindev/.m2/repository/io/pact/plugin/driver/core/0.5.1/core-0.5.1.jar:/Users/medindev/.m2/repository/com/google/guava/guava/33.2.0-jre/guava-33.2.0-jre.jar:/Users/medindev/.m2/repository/com/google/guava/failureaccess/1.0.2/failureaccess-1.0.2.jar:/Users/medindev/.m2/repository/com/google/guava/listenablefuture/9999.0-empty-to-avoid-conflict-with-guava/listenablefuture-9999.0-empty-to-avoid-conflict-with-guava.jar:/Users/medindev/.m2/repository/com/google/code/findbugs/jsr305/3.0.2/jsr305-3.0.2.jar:/Users/medindev/.m2/repository/com/google/j2objc/j2objc-annotations/3.0.0/j2objc-annotations-3.0.0.jar:/Users/medindev/.m2/repository/com/vdurmont/semver4j/3.1.0/semver4j-3.1.0.jar:/Users/medindev/.m2/repository/io/grpc/grpc-netty/1.66.0/grpc-netty-1.66.0.jar:/Users/medindev/.m2/repository/io/grpc/grpc-api/1.66.0/grpc-api-1.66.0.jar:/Users/medindev/.m2/repository/io/netty/netty-codec-http2/4.1.113.Final/netty-codec-http2-4.1.113.Final.jar:/Users/medindev/.m2/repository/io/netty/netty-codec-http/4.1.113.Final/netty-codec-http-4.1.113.Final.jar:/Users/medindev/.m2/repository/io/grpc/grpc-core/1.66.0/grpc-core-1.66.0.jar:/Users/medindev/.m2/repository/com/google/android/annotations/4.1.1.4/annotations-4.1.1.4.jar:/Users/medindev/.m2/repository/org/codehaus/mojo/animal-sniffer-annotations/1.24/animal-sniffer-annotations-1.24.jar:/Users/medindev/.m2/repository/io/grpc/grpc-context/1.66.0/grpc-context-1.66.0.jar:/Users/medindev/.m2/repository/io/netty/netty-handler-proxy/4.1.113.Final/netty-handler-proxy-4.1.113.Final.jar:/Users/medindev/.m2/repository/io/netty/netty-codec-socks/4.1.113.Final/netty-codec-socks-4.1.113.Final.jar:/Users/medindev/.m2/repository/io/perfmark/perfmark-api/0.27.0/perfmark-api-0.27.0.jar:/Users/medindev/.m2/repository/io/grpc/grpc-util/1.66.0/grpc-util-1.66.0.jar:/Users/medindev/.m2/repository/io/grpc/grpc-protobuf/1.66.0/grpc-protobuf-1.66.0.jar:/Users/medindev/.m2/repository/com/google/protobuf/protobuf-java/3.25.3/protobuf-java-3.25.3.jar:/Users/medindev/.m2/repository/com/google/api/grpc/proto-google-common-protos/2.41.0/proto-google-common-protos-2.41.0.jar:/Users/medindev/.m2/repository/io/grpc/grpc-protobuf-lite/1.66.0/grpc-protobuf-lite-1.66.0.jar:/Users/medindev/.m2/repository/io/grpc/grpc-stub/1.66.0/grpc-stub-1.66.0.jar:/Users/medindev/.m2/repository/io/hotmoka/toml4j/0.7.3/toml4j-0.7.3.jar:/Users/medindev/.m2/repository/com/google/code/gson/gson/2.10.1/gson-2.10.1.jar:/Users/medindev/.m2/repository/org/rauschig/jarchivelib/1.2.0/jarchivelib-1.2.0.jar:/Users/medindev/.m2/repository/org/apache/commons/commons-lang3/3.14.0/commons-lang3-3.14.0.jar:/Users/medindev/.m2/repository/org/apache/commons/commons-text/1.10.0/commons-text-1.10.0.jar:/Users/medindev/.m2/repository/org/apache/tika/tika-core/2.9.1/tika-core-2.9.1.jar:/Users/medindev/.m2/repository/org/jetbrains/kotlin/kotlin-stdlib/1.9.25/kotlin-stdlib-1.9.25.jar:/Users/medindev/.m2/repository/org/jetbrains/annotations/13.0/annotations-13.0.jar:/Users/medindev/.m2/repository/org/jetbrains/kotlin/kotlin-reflect/1.9.25/kotlin-reflect-1.9.25.jar:/Users/medindev/.m2/repository/com/h2database/h2/2.2.224/h2-2.2.224.jar:
21:43:27.242 [main] INFO org.apache.zookeeper.server.ZooKeeperServer -- Server environment:java.library.path=/Users/medindev/Library/Java/Extensions:/Library/Java/Extensions:/Network/Library/Java/Extensions:/System/Library/Java/Extensions:/usr/lib/java:.
21:43:27.242 [main] INFO org.apache.zookeeper.server.ZooKeeperServer -- Server environment:java.io.tmpdir=/var/folders/df/6pqpl5h51zzczkcf2rd9dghw0000gn/T/
21:43:27.242 [main] INFO org.apache.zookeeper.server.ZooKeeperServer -- Server environment:java.compiler=<NA>
21:43:27.242 [main] INFO org.apache.zookeeper.server.ZooKeeperServer -- Server environment:os.name=Mac OS X
21:43:27.242 [main] INFO org.apache.zookeeper.server.ZooKeeperServer -- Server environment:os.arch=aarch64
21:43:27.242 [main] INFO org.apache.zookeeper.server.ZooKeeperServer -- Server environment:os.version=26.3.1
21:43:27.243 [main] INFO org.apache.zookeeper.server.ZooKeeperServer -- Server environment:user.name=medindev
21:43:27.243 [main] INFO org.apache.zookeeper.server.ZooKeeperServer -- Server environment:user.home=/Users/medindev
21:43:27.243 [main] INFO org.apache.zookeeper.server.ZooKeeperServer -- Server environment:user.dir=/Users/medindev/Dev/portfolio Backend/Microservices_architecture/services/common-library
21:43:27.243 [main] INFO org.apache.zookeeper.server.ZooKeeperServer -- Server environment:os.memory.free=224MB
21:43:27.243 [main] INFO org.apache.zookeeper.server.ZooKeeperServer -- Server environment:os.memory.max=4096MB
21:43:27.243 [main] INFO org.apache.zookeeper.server.ZooKeeperServer -- Server environment:os.memory.total=258MB
21:43:27.243 [main] INFO org.apache.zookeeper.server.ZooKeeperServer -- zookeeper.enableEagerACLCheck = false
21:43:27.243 [main] INFO org.apache.zookeeper.server.ZooKeeperServer -- zookeeper.digest.enabled = true
21:43:27.243 [main] INFO org.apache.zookeeper.server.ZooKeeperServer -- zookeeper.closeSessionTxn.enabled = true
21:43:27.243 [main] INFO org.apache.zookeeper.server.ZooKeeperServer -- zookeeper.flushDelay = 0 ms
21:43:27.244 [main] INFO org.apache.zookeeper.server.ZooKeeperServer -- zookeeper.maxWriteQueuePollTime = 0 ms
21:43:27.244 [main] INFO org.apache.zookeeper.server.ZooKeeperServer -- zookeeper.maxBatchSize=1000
21:43:27.244 [main] INFO org.apache.zookeeper.server.ZooKeeperServer -- zookeeper.intBufferStartingSizeBytes = 1024
21:43:27.245 [main] INFO org.apache.zookeeper.server.persistence.FileTxnSnapLog -- zookeeper.snapshot.trust.empty : false
21:43:27.254 [main] INFO org.apache.zookeeper.server.watch.WatchManagerFactory -- Using org.apache.zookeeper.server.watch.WatchManager as watch manager
21:43:27.254 [main] INFO org.apache.zookeeper.server.watch.WatchManagerFactory -- Using org.apache.zookeeper.server.watch.WatchManager as watch manager
21:43:27.255 [main] INFO org.apache.zookeeper.server.ZKDatabase -- zookeeper.snapshotSizeFactor = 0.33
21:43:27.255 [main] INFO org.apache.zookeeper.server.ZKDatabase -- zookeeper.commitLogCount=500
21:43:27.256 [main] INFO org.apache.zookeeper.server.BlueThrottle -- Weighed connection throttling is disabled
21:43:27.257 [main] INFO org.apache.zookeeper.server.ZooKeeperServer -- minSessionTimeout set to 1600 ms
21:43:27.257 [main] INFO org.apache.zookeeper.server.ZooKeeperServer -- maxSessionTimeout set to 16000 ms
21:43:27.258 [main] INFO org.apache.zookeeper.server.ResponseCache -- getData response cache size is initialized with value 400.
21:43:27.258 [main] INFO org.apache.zookeeper.server.ResponseCache -- getChildren response cache size is initialized with value 400.
21:43:27.259 [main] INFO org.apache.zookeeper.server.util.RequestPathMetricsCollector -- zookeeper.pathStats.slotCapacity = 60
21:43:27.259 [main] INFO org.apache.zookeeper.server.util.RequestPathMetricsCollector -- zookeeper.pathStats.slotDuration = 15
21:43:27.259 [main] INFO org.apache.zookeeper.server.util.RequestPathMetricsCollector -- zookeeper.pathStats.maxDepth = 6
21:43:27.259 [main] INFO org.apache.zookeeper.server.util.RequestPathMetricsCollector -- zookeeper.pathStats.initialDelay = 5
21:43:27.259 [main] INFO org.apache.zookeeper.server.util.RequestPathMetricsCollector -- zookeeper.pathStats.delay = 5
21:43:27.259 [main] INFO org.apache.zookeeper.server.util.RequestPathMetricsCollector -- zookeeper.pathStats.enabled = false
21:43:27.259 [main] INFO org.apache.zookeeper.server.ZooKeeperServer -- The max bytes for all large requests are set to 104857600
21:43:27.260 [main] INFO org.apache.zookeeper.server.ZooKeeperServer -- The large request threshold is set to -1
21:43:27.260 [main] INFO org.apache.zookeeper.server.AuthenticationHelper -- zookeeper.enforce.auth.enabled = false
21:43:27.260 [main] INFO org.apache.zookeeper.server.AuthenticationHelper -- zookeeper.enforce.auth.schemes = []
21:43:27.260 [main] INFO org.apache.zookeeper.server.ZooKeeperServer -- Created server with tickTime 800 ms minSessionTimeout 1600 ms maxSessionTimeout 16000 ms clientPortListenBacklog -1 datadir /var/folders/df/6pqpl5h51zzczkcf2rd9dghw0000gn/T/kafka-17875847921241796671/version-2 snapdir /var/folders/df/6pqpl5h51zzczkcf2rd9dghw0000gn/T/kafka-9173898307359768907/version-2
21:43:27.264 [main] WARN org.apache.zookeeper.server.ServerCnxnFactory -- maxCnxns is not configured, using default value 0.
21:43:27.265 [main] INFO org.apache.zookeeper.server.NIOServerCnxnFactory -- Configuring NIO connection handler with 10s sessionless connection timeout, 2 selector thread(s), 20 worker threads, and 64 kB direct buffers.
21:43:27.277 [main] INFO org.apache.zookeeper.server.NIOServerCnxnFactory -- binding to port /127.0.0.1:0
21:43:27.290 [main] INFO org.apache.zookeeper.server.persistence.SnapStream -- zookeeper.snapshot.compression.method = CHECKED
21:43:27.290 [main] INFO org.apache.zookeeper.server.persistence.FileTxnSnapLog -- Snapshotting: 0x0 to /var/folders/df/6pqpl5h51zzczkcf2rd9dghw0000gn/T/kafka-9173898307359768907/version-2/snapshot.0
21:43:27.292 [main] INFO org.apache.zookeeper.server.ZKDatabase -- Snapshot loaded in 11 ms, highest zxid is 0x0, digest is 1371985504
21:43:27.293 [main] INFO org.apache.zookeeper.server.persistence.FileTxnSnapLog -- Snapshotting: 0x0 to /var/folders/df/6pqpl5h51zzczkcf2rd9dghw0000gn/T/kafka-9173898307359768907/version-2/snapshot.0
21:43:27.293 [main] INFO org.apache.zookeeper.server.ZooKeeperServer -- Snapshot taken in 0 ms
21:43:27.297 [ProcessThread(sid:0 cport:56966):] INFO org.apache.zookeeper.server.PrepRequestProcessor -- PrepRequestProcessor (sid:0) started, reconfigEnabled=false
21:43:27.297 [main] INFO org.apache.zookeeper.server.RequestThrottler -- zookeeper.request_throttler.shutdownTimeout = 10000 ms
21:43:27.460 [main] INFO kafka.server.KafkaConfig -- KafkaConfig values: 
	advertised.listeners = null
	alter.config.policy.class.name = null
	alter.log.dirs.replication.quota.window.num = 11
	alter.log.dirs.replication.quota.window.size.seconds = 1
	authorizer.class.name = 
	auto.create.topics.enable = true
	auto.include.jmx.reporter = true
	auto.leader.rebalance.enable = true
	background.threads = 2
	broker.heartbeat.interval.ms = 2000
	broker.id = 0
	broker.id.generation.enable = true
	broker.rack = null
	broker.session.timeout.ms = 9000
	client.quota.callback.class = null
	compression.type = producer
	connection.failed.authentication.delay.ms = 100
	connections.max.idle.ms = 600000
	connections.max.reauth.ms = 0
	control.plane.listener.name = null
	controlled.shutdown.enable = false
	controlled.shutdown.max.retries = 3
	controlled.shutdown.retry.backoff.ms = 100
	controller.listener.names = null
	controller.quorum.append.linger.ms = 25
	controller.quorum.election.backoff.max.ms = 1000
	controller.quorum.election.timeout.ms = 1000
	controller.quorum.fetch.timeout.ms = 2000
	controller.quorum.request.timeout.ms = 2000
	controller.quorum.retry.backoff.ms = 20
	controller.quorum.voters = []
	controller.quota.window.num = 11
	controller.quota.window.size.seconds = 1
	controller.socket.timeout.ms = 1000
	create.topic.policy.class.name = null
	default.replication.factor = 1
	delegation.token.expiry.check.interval.ms = 3600000
	delegation.token.expiry.time.ms = 86400000
	delegation.token.master.key = null
	delegation.token.max.lifetime.ms = 604800000
	delegation.token.secret.key = null
	delete.records.purgatory.purge.interval.requests = 1
	delete.topic.enable = true
	early.start.listeners = null
	eligible.leader.replicas.enable = false
	fetch.max.bytes = 57671680
	fetch.purgatory.purge.interval.requests = 1000
	group.consumer.assignors = [org.apache.kafka.coordinator.group.assignor.UniformAssignor, org.apache.kafka.coordinator.group.assignor.RangeAssignor]
	group.consumer.heartbeat.interval.ms = 5000
	group.consumer.max.heartbeat.interval.ms = 15000
	group.consumer.max.session.timeout.ms = 60000
	group.consumer.max.size = 2147483647
	group.consumer.min.heartbeat.interval.ms = 5000
	group.consumer.min.session.timeout.ms = 45000
	group.consumer.session.timeout.ms = 45000
	group.coordinator.new.enable = false
	group.coordinator.rebalance.protocols = [classic]
	group.coordinator.threads = 1
	group.initial.rebalance.delay.ms = 0
	group.max.session.timeout.ms = 1800000
	group.max.size = 2147483647
	group.min.session.timeout.ms = 6000
	initial.broker.registration.timeout.ms = 60000
	inter.broker.listener.name = null
	inter.broker.protocol.version = 3.7-IV4
	kafka.metrics.polling.interval.secs = 10
	kafka.metrics.reporters = []
	leader.imbalance.check.interval.seconds = 300
	leader.imbalance.per.broker.percentage = 10
	listener.security.protocol.map = PLAINTEXT:PLAINTEXT,SSL:SSL,SASL_PLAINTEXT:SASL_PLAINTEXT,SASL_SSL:SASL_SSL
	listeners = PLAINTEXT://localhost:0
	log.cleaner.backoff.ms = 15000
	log.cleaner.dedupe.buffer.size = 2097152
	log.cleaner.delete.retention.ms = 86400000
	log.cleaner.enable = true
	log.cleaner.io.buffer.load.factor = 0.9
	log.cleaner.io.buffer.size = 524288
	log.cleaner.io.max.bytes.per.second = 1.7976931348623157E308
	log.cleaner.max.compaction.lag.ms = 9223372036854775807
	log.cleaner.min.cleanable.ratio = 0.5
	log.cleaner.min.compaction.lag.ms = 0
	log.cleaner.threads = 1
	log.cleanup.policy = [delete]
	log.dir = /var/folders/df/6pqpl5h51zzczkcf2rd9dghw0000gn/T/spring.kafka.21bfabe6-c94e-4191-8841-74064776e5323618954017831663538
	log.dirs = null
	log.flush.interval.messages = 9223372036854775807
	log.flush.interval.ms = null
	log.flush.offset.checkpoint.interval.ms = 60000
	log.flush.scheduler.interval.ms = 9223372036854775807
	log.flush.start.offset.checkpoint.interval.ms = 60000
	log.index.interval.bytes = 4096
	log.index.size.max.bytes = 10485760
	log.local.retention.bytes = -2
	log.local.retention.ms = -2
	log.message.downconversion.enable = true
	log.message.format.version = 3.0-IV1
	log.message.timestamp.after.max.ms = 9223372036854775807
	log.message.timestamp.before.max.ms = 9223372036854775807
	log.message.timestamp.difference.max.ms = 9223372036854775807
	log.message.timestamp.type = CreateTime
	log.preallocate = false
	log.retention.bytes = -1
	log.retention.check.interval.ms = 300000
	log.retention.hours = 168
	log.retention.minutes = null
	log.retention.ms = null
	log.roll.hours = 168
	log.roll.jitter.hours = 0
	log.roll.jitter.ms = null
	log.roll.ms = null
	log.segment.bytes = 1073741824
	log.segment.delete.delay.ms = 1000
	max.connection.creation.rate = 2147483647
	max.connections = 2147483647
	max.connections.per.ip = 2147483647
	max.connections.per.ip.overrides = 
	max.incremental.fetch.session.cache.slots = 1000
	message.max.bytes = 1048588
	metadata.log.dir = null
	metadata.log.max.record.bytes.between.snapshots = 20971520
	metadata.log.max.snapshot.interval.ms = 3600000
	metadata.log.segment.bytes = 1073741824
	metadata.log.segment.min.bytes = 8388608
	metadata.log.segment.ms = 604800000
	metadata.max.idle.interval.ms = 500
	metadata.max.retention.bytes = 104857600
	metadata.max.retention.ms = 604800000
	metric.reporters = []
	metrics.num.samples = 2
	metrics.recording.level = INFO
	metrics.sample.window.ms = 30000
	min.insync.replicas = 1
	node.id = 0
	num.io.threads = 8
	num.network.threads = 2
	num.partitions = 1
	num.recovery.threads.per.data.dir = 1
	num.replica.alter.log.dirs.threads = null
	num.replica.fetchers = 1
	offset.metadata.max.bytes = 4096
	offsets.commit.required.acks = -1
	offsets.commit.timeout.ms = 5000
	offsets.load.buffer.size = 5242880
	offsets.retention.check.interval.ms = 600000
	offsets.retention.minutes = 10080
	offsets.topic.compression.codec = 0
	offsets.topic.num.partitions = 5
	offsets.topic.replication.factor = 1
	offsets.topic.segment.bytes = 104857600
	password.encoder.cipher.algorithm = AES/CBC/PKCS5Padding
	password.encoder.iterations = 4096
	password.encoder.key.length = 128
	password.encoder.keyfactory.algorithm = null
	password.encoder.old.secret = null
	password.encoder.secret = null
	principal.builder.class = class org.apache.kafka.common.security.authenticator.DefaultKafkaPrincipalBuilder
	process.roles = []
	producer.id.expiration.check.interval.ms = 600000
	producer.id.expiration.ms = 86400000
	producer.purgatory.purge.interval.requests = 1000
	queued.max.request.bytes = -1
	queued.max.requests = 500
	quota.window.num = 11
	quota.window.size.seconds = 1
	remote.log.index.file.cache.total.size.bytes = 1073741824
	remote.log.manager.task.interval.ms = 30000
	remote.log.manager.task.retry.backoff.max.ms = 30000
	remote.log.manager.task.retry.backoff.ms = 500
	remote.log.manager.task.retry.jitter = 0.2
	remote.log.manager.thread.pool.size = 10
	remote.log.metadata.custom.metadata.max.bytes = 128
	remote.log.metadata.manager.class.name = org.apache.kafka.server.log.remote.metadata.storage.TopicBasedRemoteLogMetadataManager
	remote.log.metadata.manager.class.path = null
	remote.log.metadata.manager.impl.prefix = rlmm.config.
	remote.log.metadata.manager.listener.name = null
	remote.log.reader.max.pending.tasks = 100
	remote.log.reader.threads = 10
	remote.log.storage.manager.class.name = null
	remote.log.storage.manager.class.path = null
	remote.log.storage.manager.impl.prefix = rsm.config.
	remote.log.storage.system.enable = false
	replica.fetch.backoff.ms = 1000
	replica.fetch.max.bytes = 1048576
	replica.fetch.min.bytes = 1
	replica.fetch.response.max.bytes = 10485760
	replica.fetch.wait.max.ms = 500
	replica.high.watermark.checkpoint.interval.ms = 9223372036854775807
	replica.lag.time.max.ms = 30000
	replica.selector.class = null
	replica.socket.receive.buffer.bytes = 65536
	replica.socket.timeout.ms = 1000
	replication.quota.window.num = 11
	replication.quota.window.size.seconds = 1
	request.timeout.ms = 30000
	reserved.broker.max.id = 1000
	sasl.client.callback.handler.class = null
	sasl.enabled.mechanisms = [GSSAPI]
	sasl.jaas.config = null
	sasl.kerberos.kinit.cmd = /usr/bin/kinit
	sasl.kerberos.min.time.before.relogin = 60000
	sasl.kerberos.principal.to.local.rules = [DEFAULT]
	sasl.kerberos.service.name = null
	sasl.kerberos.ticket.renew.jitter = 0.05
	sasl.kerberos.ticket.renew.window.factor = 0.8
	sasl.login.callback.handler.class = null
	sasl.login.class = null
	sasl.login.connect.timeout.ms = null
	sasl.login.read.timeout.ms = null
	sasl.login.refresh.buffer.seconds = 300
	sasl.login.refresh.min.period.seconds = 60
	sasl.login.refresh.window.factor = 0.8
	sasl.login.refresh.window.jitter = 0.05
	sasl.login.retry.backoff.max.ms = 10000
	sasl.login.retry.backoff.ms = 100
	sasl.mechanism.controller.protocol = GSSAPI
	sasl.mechanism.inter.broker.protocol = GSSAPI
	sasl.oauthbearer.clock.skew.seconds = 30
	sasl.oauthbearer.expected.audience = null
	sasl.oauthbearer.expected.issuer = null
	sasl.oauthbearer.jwks.endpoint.refresh.ms = 3600000
	sasl.oauthbearer.jwks.endpoint.retry.backoff.max.ms = 10000
	sasl.oauthbearer.jwks.endpoint.retry.backoff.ms = 100
	sasl.oauthbearer.jwks.endpoint.url = null
	sasl.oauthbearer.scope.claim.name = scope
	sasl.oauthbearer.sub.claim.name = sub
	sasl.oauthbearer.token.endpoint.url = null
	sasl.server.callback.handler.class = null
	sasl.server.max.receive.size = 524288
	security.inter.broker.protocol = PLAINTEXT
	security.providers = null
	server.max.startup.time.ms = 9223372036854775807
	socket.connection.setup.timeout.max.ms = 30000
	socket.connection.setup.timeout.ms = 10000
	socket.listen.backlog.size = 50
	socket.receive.buffer.bytes = 102400
	socket.request.max.bytes = 104857600
	socket.send.buffer.bytes = 102400
	ssl.allow.dn.changes = false
	ssl.allow.san.changes = false
	ssl.cipher.suites = []
	ssl.client.auth = none
	ssl.enabled.protocols = [TLSv1.2, TLSv1.3]
	ssl.endpoint.identification.algorithm = https
	ssl.engine.factory.class = null
	ssl.key.password = null
	ssl.keymanager.algorithm = SunX509
	ssl.keystore.certificate.chain = null
	ssl.keystore.key = null
	ssl.keystore.location = null
	ssl.keystore.password = null
	ssl.keystore.type = JKS
	ssl.principal.mapping.rules = DEFAULT
	ssl.protocol = TLSv1.3
	ssl.provider = null
	ssl.secure.random.implementation = null
	ssl.trustmanager.algorithm = PKIX
	ssl.truststore.certificates = null
	ssl.truststore.location = null
	ssl.truststore.password = null
	ssl.truststore.type = JKS
	telemetry.max.bytes = 1048576
	transaction.abort.timed.out.transaction.cleanup.interval.ms = 10000
	transaction.max.timeout.ms = 900000
	transaction.partition.verification.enable = true
	transaction.remove.expired.transaction.cleanup.interval.ms = 3600000
	transaction.state.log.load.buffer.size = 5242880
	transaction.state.log.min.isr = 2
	transaction.state.log.num.partitions = 50
	transaction.state.log.replication.factor = 3
	transaction.state.log.segment.bytes = 104857600
	transactional.id.expiration.ms = 604800000
	unclean.leader.election.enable = false
	unstable.api.versions.enable = false
	unstable.metadata.versions.enable = true
	zookeeper.clientCnxnSocket = null
	zookeeper.connect = 127.0.0.1:56966
	zookeeper.connection.timeout.ms = 10000
	zookeeper.max.in.flight.requests = 10
	zookeeper.metadata.migration.enable = false
	zookeeper.metadata.migration.min.batch.size = 200
	zookeeper.session.timeout.ms = 18000
	zookeeper.set.acl = false
	zookeeper.ssl.cipher.suites = null
	zookeeper.ssl.client.enable = false
	zookeeper.ssl.crl.enable = false
	zookeeper.ssl.enabled.protocols = null
	zookeeper.ssl.endpoint.identification.algorithm = HTTPS
	zookeeper.ssl.keystore.location = null
	zookeeper.ssl.keystore.password = null
	zookeeper.ssl.keystore.type = null
	zookeeper.ssl.ocsp.enable = false
	zookeeper.ssl.protocol = TLSv1.2
	zookeeper.ssl.truststore.location = null
	zookeeper.ssl.truststore.password = null
	zookeeper.ssl.truststore.type = null

21:43:27.475 [main] INFO org.apache.zookeeper.common.X509Util -- Setting -D jdk.tls.rejectClientInitiatedRenegotiation=true to disable client-initiated TLS renegotiation
21:43:27.525 [main] INFO kafka.server.KafkaServer -- starting
21:43:27.525 [main] INFO kafka.server.KafkaServer -- Connecting to zookeeper on 127.0.0.1:56966
21:43:27.532 [main] INFO kafka.zookeeper.ZooKeeperClient -- [ZooKeeperClient Kafka server] Initializing a new session to 127.0.0.1:56966.
21:43:27.534 [main] INFO org.apache.zookeeper.ZooKeeper -- Client environment:zookeeper.version=3.8.4-9316c2a7a97e1666d8f4593f34dd6fc36ecc436c, built on 2024-02-12 22:16 UTC
21:43:27.534 [main] INFO org.apache.zookeeper.ZooKeeper -- Client environment:host.name=macbookpro.lan
21:43:27.534 [main] INFO org.apache.zookeeper.ZooKeeper -- Client environment:java.version=24.0.2
21:43:27.534 [main] INFO org.apache.zookeeper.ZooKeeper -- Client environment:java.vendor=Homebrew
21:43:27.534 [main] INFO org.apache.zookeeper.ZooKeeper -- Client environment:java.home=/opt/homebrew/Cellar/openjdk/24.0.2/libexec/openjdk.jdk/Contents/Home
21:43:27.534 [main] INFO org.apache.zookeeper.ZooKeeper -- Client environment:java.class.path=/Users/medindev/Dev/portfolio Backend/Microservices_architecture/services/common-library/target/test-classes:/Users/medindev/Dev/portfolio Backend/Microservices_architecture/services/common-library/target/classes:/Users/medindev/.m2/repository/org/springframework/boot/spring-boot-starter-web/3.3.4/spring-boot-starter-web-3.3.4.jar:/Users/medindev/.m2/repository/org/springframework/boot/spring-boot-starter/3.3.4/spring-boot-starter-3.3.4.jar:/Users/medindev/.m2/repository/org/springframework/boot/spring-boot/3.3.4/spring-boot-3.3.4.jar:/Users/medindev/.m2/repository/org/springframework/boot/spring-boot-autoconfigure/3.3.4/spring-boot-autoconfigure-3.3.4.jar:/Users/medindev/.m2/repository/org/springframework/boot/spring-boot-starter-logging/3.3.4/spring-boot-starter-logging-3.3.4.jar:/Users/medindev/.m2/repository/org/apache/logging/log4j/log4j-to-slf4j/2.23.1/log4j-to-slf4j-2.23.1.jar:/Users/medindev/.m2/repository/org/apache/logging/log4j/log4j-api/2.23.1/log4j-api-2.23.1.jar:/Users/medindev/.m2/repository/org/slf4j/jul-to-slf4j/2.0.16/jul-to-slf4j-2.0.16.jar:/Users/medindev/.m2/repository/jakarta/annotation/jakarta.annotation-api/2.1.1/jakarta.annotation-api-2.1.1.jar:/Users/medindev/.m2/repository/org/yaml/snakeyaml/2.2/snakeyaml-2.2.jar:/Users/medindev/.m2/repository/org/springframework/boot/spring-boot-starter-json/3.3.4/spring-boot-starter-json-3.3.4.jar:/Users/medindev/.m2/repository/com/fasterxml/jackson/datatype/jackson-datatype-jdk8/2.17.2/jackson-datatype-jdk8-2.17.2.jar:/Users/medindev/.m2/repository/com/fasterxml/jackson/datatype/jackson-datatype-jsr310/2.17.2/jackson-datatype-jsr310-2.17.2.jar:/Users/medindev/.m2/repository/com/fasterxml/jackson/module/jackson-module-parameter-names/2.17.2/jackson-module-parameter-names-2.17.2.jar:/Users/medindev/.m2/repository/org/springframework/boot/spring-boot-starter-tomcat/3.3.4/spring-boot-starter-tomcat-3.3.4.jar:/Users/medindev/.m2/repository/org/apache/tomcat/embed/tomcat-embed-core/10.1.30/tomcat-embed-core-10.1.30.jar:/Users/medindev/.m2/repository/org/apache/tomcat/embed/tomcat-embed-websocket/10.1.30/tomcat-embed-websocket-10.1.30.jar:/Users/medindev/.m2/repository/org/springframework/spring-web/6.1.13/spring-web-6.1.13.jar:/Users/medindev/.m2/repository/org/springframework/spring-beans/6.1.13/spring-beans-6.1.13.jar:/Users/medindev/.m2/repository/org/springframework/spring-webmvc/6.1.13/spring-webmvc-6.1.13.jar:/Users/medindev/.m2/repository/org/springframework/spring-expression/6.1.13/spring-expression-6.1.13.jar:/Users/medindev/.m2/repository/org/springframework/boot/spring-boot-starter-security/3.3.4/spring-boot-starter-security-3.3.4.jar:/Users/medindev/.m2/repository/org/springframework/spring-aop/6.1.13/spring-aop-6.1.13.jar:/Users/medindev/.m2/repository/org/springframework/security/spring-security-config/6.3.3/spring-security-config-6.3.3.jar:/Users/medindev/.m2/repository/org/springframework/security/spring-security-web/6.3.3/spring-security-web-6.3.3.jar:/Users/medindev/.m2/repository/org/springframework/boot/spring-boot-starter-oauth2-resource-server/3.3.4/spring-boot-starter-oauth2-resource-server-3.3.4.jar:/Users/medindev/.m2/repository/org/springframework/security/spring-security-core/6.3.3/spring-security-core-6.3.3.jar:/Users/medindev/.m2/repository/org/springframework/security/spring-security-crypto/6.3.3/spring-security-crypto-6.3.3.jar:/Users/medindev/.m2/repository/org/springframework/security/spring-security-oauth2-resource-server/6.3.3/spring-security-oauth2-resource-server-6.3.3.jar:/Users/medindev/.m2/repository/org/springframework/security/spring-security-oauth2-core/6.3.3/spring-security-oauth2-core-6.3.3.jar:/Users/medindev/.m2/repository/org/springframework/security/spring-security-oauth2-jose/6.3.3/spring-security-oauth2-jose-6.3.3.jar:/Users/medindev/.m2/repository/com/nimbusds/nimbus-jose-jwt/9.37.3/nimbus-jose-jwt-9.37.3.jar:/Users/medindev/.m2/repository/com/github/stephenc/jcip/jcip-annotations/1.0-1/jcip-annotations-1.0-1.jar:/Users/medindev/.m2/repository/org/springframework/kafka/spring-kafka/3.2.4/spring-kafka-3.2.4.jar:/Users/medindev/.m2/repository/org/springframework/spring-context/6.1.13/spring-context-6.1.13.jar:/Users/medindev/.m2/repository/org/springframework/spring-messaging/6.1.13/spring-messaging-6.1.13.jar:/Users/medindev/.m2/repository/org/springframework/spring-tx/6.1.13/spring-tx-6.1.13.jar:/Users/medindev/.m2/repository/org/springframework/retry/spring-retry/2.0.9/spring-retry-2.0.9.jar:/Users/medindev/.m2/repository/org/apache/kafka/kafka-clients/3.7.1/kafka-clients-3.7.1.jar:/Users/medindev/.m2/repository/com/github/luben/zstd-jni/1.5.6-3/zstd-jni-1.5.6-3.jar:/Users/medindev/.m2/repository/org/lz4/lz4-java/1.8.0/lz4-java-1.8.0.jar:/Users/medindev/.m2/repository/org/xerial/snappy/snappy-java/1.1.10.5/snappy-java-1.1.10.5.jar:/Users/medindev/.m2/repository/io/micrometer/micrometer-observation/1.13.4/micrometer-observation-1.13.4.jar:/Users/medindev/.m2/repository/io/micrometer/micrometer-commons/1.13.4/micrometer-commons-1.13.4.jar:/Users/medindev/.m2/repository/org/springframework/boot/spring-boot-starter-aop/3.3.4/spring-boot-starter-aop-3.3.4.jar:/Users/medindev/.m2/repository/org/aspectj/aspectjweaver/1.9.22.1/aspectjweaver-1.9.22.1.jar:/Users/medindev/.m2/repository/jakarta/servlet/jakarta.servlet-api/6.0.0/jakarta.servlet-api-6.0.0.jar:/Users/medindev/.m2/repository/io/jsonwebtoken/jjwt-api/0.12.6/jjwt-api-0.12.6.jar:/Users/medindev/.m2/repository/io/jsonwebtoken/jjwt-impl/0.12.6/jjwt-impl-0.12.6.jar:/Users/medindev/.m2/repository/io/jsonwebtoken/jjwt-jackson/0.12.6/jjwt-jackson-0.12.6.jar:/Users/medindev/.m2/repository/com/fasterxml/jackson/core/jackson-databind/2.17.2/jackson-databind-2.17.2.jar:/Users/medindev/.m2/repository/com/fasterxml/jackson/core/jackson-annotations/2.17.2/jackson-annotations-2.17.2.jar:/Users/medindev/.m2/repository/com/fasterxml/jackson/core/jackson-core/2.17.2/jackson-core-2.17.2.jar:/Users/medindev/.m2/repository/org/springframework/boot/spring-boot-starter-actuator/3.3.4/spring-boot-starter-actuator-3.3.4.jar:/Users/medindev/.m2/repository/org/springframework/boot/spring-boot-actuator-autoconfigure/3.3.4/spring-boot-actuator-autoconfigure-3.3.4.jar:/Users/medindev/.m2/repository/org/springframework/boot/spring-boot-actuator/3.3.4/spring-boot-actuator-3.3.4.jar:/Users/medindev/.m2/repository/io/micrometer/micrometer-jakarta9/1.13.4/micrometer-jakarta9-1.13.4.jar:/Users/medindev/.m2/repository/io/micrometer/micrometer-registry-prometheus/1.13.4/micrometer-registry-prometheus-1.13.4.jar:/Users/medindev/.m2/repository/io/micrometer/micrometer-core/1.13.4/micrometer-core-1.13.4.jar:/Users/medindev/.m2/repository/org/hdrhistogram/HdrHistogram/2.2.2/HdrHistogram-2.2.2.jar:/Users/medindev/.m2/repository/org/latencyutils/LatencyUtils/2.0.3/LatencyUtils-2.0.3.jar:/Users/medindev/.m2/repository/io/prometheus/prometheus-metrics-core/1.2.1/prometheus-metrics-core-1.2.1.jar:/Users/medindev/.m2/repository/io/prometheus/prometheus-metrics-model/1.2.1/prometheus-metrics-model-1.2.1.jar:/Users/medindev/.m2/repository/io/prometheus/prometheus-metrics-config/1.2.1/prometheus-metrics-config-1.2.1.jar:/Users/medindev/.m2/repository/io/prometheus/prometheus-metrics-tracer-common/1.2.1/prometheus-metrics-tracer-common-1.2.1.jar:/Users/medindev/.m2/repository/io/prometheus/prometheus-metrics-exposition-formats/1.2.1/prometheus-metrics-exposition-formats-1.2.1.jar:/Users/medindev/.m2/repository/io/prometheus/prometheus-metrics-shaded-protobuf/1.2.1/prometheus-metrics-shaded-protobuf-1.2.1.jar:/Users/medindev/.m2/repository/io/micrometer/micrometer-tracing-bridge-brave/1.3.4/micrometer-tracing-bridge-brave-1.3.4.jar:/Users/medindev/.m2/repository/io/micrometer/micrometer-tracing/1.3.4/micrometer-tracing-1.3.4.jar:/Users/medindev/.m2/repository/io/micrometer/context-propagation/1.1.1/context-propagation-1.1.1.jar:/Users/medindev/.m2/repository/aopalliance/aopalliance/1.0/aopalliance-1.0.jar:/Users/medindev/.m2/repository/org/slf4j/slf4j-api/2.0.16/slf4j-api-2.0.16.jar:/Users/medindev/.m2/repository/io/zipkin/brave/brave/6.0.3/brave-6.0.3.jar:/Users/medindev/.m2/repository/io/zipkin/brave/brave-context-slf4j/6.0.3/brave-context-slf4j-6.0.3.jar:/Users/medindev/.m2/repository/io/zipkin/brave/brave-instrumentation-http/6.0.3/brave-instrumentation-http-6.0.3.jar:/Users/medindev/.m2/repository/io/zipkin/aws/brave-propagation-aws/1.2.5/brave-propagation-aws-1.2.5.jar:/Users/medindev/.m2/repository/io/zipkin/contrib/brave-propagation-w3c/brave-propagation-tracecontext/0.2.0/brave-propagation-tracecontext-0.2.0.jar:/Users/medindev/.m2/repository/io/zipkin/reporter2/zipkin-reporter-brave/3.4.2/zipkin-reporter-brave-3.4.2.jar:/Users/medindev/.m2/repository/io/zipkin/reporter2/zipkin-reporter/3.4.2/zipkin-reporter-3.4.2.jar:/Users/medindev/.m2/repository/org/springframework/boot/spring-boot-starter-validation/3.3.4/spring-boot-starter-validation-3.3.4.jar:/Users/medindev/.m2/repository/org/apache/tomcat/embed/tomcat-embed-el/10.1.30/tomcat-embed-el-10.1.30.jar:/Users/medindev/.m2/repository/org/hibernate/validator/hibernate-validator/8.0.1.Final/hibernate-validator-8.0.1.Final.jar:/Users/medindev/.m2/repository/jakarta/validation/jakarta.validation-api/3.0.2/jakarta.validation-api-3.0.2.jar:/Users/medindev/.m2/repository/org/jboss/logging/jboss-logging/3.5.3.Final/jboss-logging-3.5.3.Final.jar:/Users/medindev/.m2/repository/com/fasterxml/classmate/1.7.0/classmate-1.7.0.jar:/Users/medindev/.m2/repository/org/springframework/boot/spring-boot-starter-test/3.3.4/spring-boot-starter-test-3.3.4.jar:/Users/medindev/.m2/repository/org/springframework/boot/spring-boot-test/3.3.4/spring-boot-test-3.3.4.jar:/Users/medindev/.m2/repository/org/springframework/boot/spring-boot-test-autoconfigure/3.3.4/spring-boot-test-autoconfigure-3.3.4.jar:/Users/medindev/.m2/repository/com/jayway/jsonpath/json-path/2.9.0/json-path-2.9.0.jar:/Users/medindev/.m2/repository/jakarta/xml/bind/jakarta.xml.bind-api/4.0.2/jakarta.xml.bind-api-4.0.2.jar:/Users/medindev/.m2/repository/jakarta/activation/jakarta.activation-api/2.1.3/jakarta.activation-api-2.1.3.jar:/Users/medindev/.m2/repository/net/minidev/json-smart/2.5.1/json-smart-2.5.1.jar:/Users/medindev/.m2/repository/net/minidev/accessors-smart/2.5.1/accessors-smart-2.5.1.jar:/Users/medindev/.m2/repository/org/ow2/asm/asm/9.6/asm-9.6.jar:/Users/medindev/.m2/repository/org/assertj/assertj-core/3.25.3/assertj-core-3.25.3.jar:/Users/medindev/.m2/repository/net/bytebuddy/byte-buddy/1.14.19/byte-buddy-1.14.19.jar:/Users/medindev/.m2/repository/org/awaitility/awaitility/4.2.2/awaitility-4.2.2.jar:/Users/medindev/.m2/repository/org/hamcrest/hamcrest/2.2/hamcrest-2.2.jar:/Users/medindev/.m2/repository/org/junit/jupiter/junit-jupiter/5.10.3/junit-jupiter-5.10.3.jar:/Users/medindev/.m2/repository/org/junit/jupiter/junit-jupiter-params/5.10.3/junit-jupiter-params-5.10.3.jar:/Users/medindev/.m2/repository/org/junit/jupiter/junit-jupiter-engine/5.10.3/junit-jupiter-engine-5.10.3.jar:/Users/medindev/.m2/repository/org/mockito/mockito-core/5.11.0/mockito-core-5.11.0.jar:/Users/medindev/.m2/repository/net/bytebuddy/byte-buddy-agent/1.14.19/byte-buddy-agent-1.14.19.jar:/Users/medindev/.m2/repository/org/objenesis/objenesis/3.3/objenesis-3.3.jar:/Users/medindev/.m2/repository/org/mockito/mockito-junit-jupiter/5.11.0/mockito-junit-jupiter-5.11.0.jar:/Users/medindev/.m2/repository/org/skyscreamer/jsonassert/1.5.3/jsonassert-1.5.3.jar:/Users/medindev/.m2/repository/com/vaadin/external/google/android-json/0.0.20131108.vaadin1/android-json-0.0.20131108.vaadin1.jar:/Users/medindev/.m2/repository/org/springframework/spring-core/6.1.13/spring-core-6.1.13.jar:/Users/medindev/.m2/repository/org/springframework/spring-jcl/6.1.13/spring-jcl-6.1.13.jar:/Users/medindev/.m2/repository/org/springframework/spring-test/6.1.13/spring-test-6.1.13.jar:/Users/medindev/.m2/repository/org/xmlunit/xmlunit-core/2.9.1/xmlunit-core-2.9.1.jar:/Users/medindev/.m2/repository/org/springframework/kafka/spring-kafka-test/3.2.4/spring-kafka-test-3.2.4.jar:/Users/medindev/.m2/repository/org/apache/zookeeper/zookeeper/3.8.4/zookeeper-3.8.4.jar:/Users/medindev/.m2/repository/org/apache/zookeeper/zookeeper-jute/3.8.4/zookeeper-jute-3.8.4.jar:/Users/medindev/.m2/repository/org/apache/yetus/audience-annotations/0.12.0/audience-annotations-0.12.0.jar:/Users/medindev/.m2/repository/io/netty/netty-handler/4.1.113.Final/netty-handler-4.1.113.Final.jar:/Users/medindev/.m2/repository/io/netty/netty-common/4.1.113.Final/netty-common-4.1.113.Final.jar:/Users/medindev/.m2/repository/io/netty/netty-resolver/4.1.113.Final/netty-resolver-4.1.113.Final.jar:/Users/medindev/.m2/repository/io/netty/netty-buffer/4.1.113.Final/netty-buffer-4.1.113.Final.jar:/Users/medindev/.m2/repository/io/netty/netty-transport/4.1.113.Final/netty-transport-4.1.113.Final.jar:/Users/medindev/.m2/repository/io/netty/netty-transport-native-unix-common/4.1.113.Final/netty-transport-native-unix-common-4.1.113.Final.jar:/Users/medindev/.m2/repository/io/netty/netty-codec/4.1.113.Final/netty-codec-4.1.113.Final.jar:/Users/medindev/.m2/repository/io/netty/netty-transport-native-epoll/4.1.113.Final/netty-transport-native-epoll-4.1.113.Final.jar:/Users/medindev/.m2/repository/io/netty/netty-transport-classes-epoll/4.1.113.Final/netty-transport-classes-epoll-4.1.113.Final.jar:/Users/medindev/.m2/repository/ch/qos/logback/logback-core/1.5.8/logback-core-1.5.8.jar:/Users/medindev/.m2/repository/ch/qos/logback/logback-classic/1.5.8/logback-classic-1.5.8.jar:/Users/medindev/.m2/repository/commons-io/commons-io/2.11.0/commons-io-2.11.0.jar:/Users/medindev/.m2/repository/org/apache/kafka/kafka-clients/3.7.1/kafka-clients-3.7.1-test.jar:/Users/medindev/.m2/repository/org/apache/kafka/kafka-metadata/3.7.1/kafka-metadata-3.7.1.jar:/Users/medindev/.m2/repository/org/apache/kafka/kafka-raft/3.7.1/kafka-raft-3.7.1.jar:/Users/medindev/.m2/repository/com/yammer/metrics/metrics-core/2.2.0/metrics-core-2.2.0.jar:/Users/medindev/.m2/repository/org/apache/kafka/kafka-server-common/3.7.1/kafka-server-common-3.7.1.jar:/Users/medindev/.m2/repository/net/sf/jopt-simple/jopt-simple/5.0.4/jopt-simple-5.0.4.jar:/Users/medindev/.m2/repository/org/pcollections/pcollections/4.0.1/pcollections-4.0.1.jar:/Users/medindev/.m2/repository/org/apache/kafka/kafka-server-common/3.7.1/kafka-server-common-3.7.1-test.jar:/Users/medindev/.m2/repository/org/apache/kafka/kafka-streams-test-utils/3.7.1/kafka-streams-test-utils-3.7.1.jar:/Users/medindev/.m2/repository/org/apache/kafka/kafka-streams/3.7.1/kafka-streams-3.7.1.jar:/Users/medindev/.m2/repository/org/rocksdb/rocksdbjni/7.9.2/rocksdbjni-7.9.2.jar:/Users/medindev/.m2/repository/org/apache/kafka/kafka_2.13/3.7.1/kafka_2.13-3.7.1.jar:/Users/medindev/.m2/repository/org/scala-lang/scala-library/2.13.12/scala-library-2.13.12.jar:/Users/medindev/.m2/repository/org/apache/kafka/kafka-group-coordinator/3.7.1/kafka-group-coordinator-3.7.1.jar:/Users/medindev/.m2/repository/org/apache/kafka/kafka-storage-api/3.7.1/kafka-storage-api-3.7.1.jar:/Users/medindev/.m2/repository/org/apache/kafka/kafka-tools-api/3.7.1/kafka-tools-api-3.7.1.jar:/Users/medindev/.m2/repository/org/apache/kafka/kafka-storage/3.7.1/kafka-storage-3.7.1.jar:/Users/medindev/.m2/repository/com/github/ben-manes/caffeine/caffeine/3.1.8/caffeine-3.1.8.jar:/Users/medindev/.m2/repository/org/checkerframework/checker-qual/3.37.0/checker-qual-3.37.0.jar:/Users/medindev/.m2/repository/com/google/errorprone/error_prone_annotations/2.21.1/error_prone_annotations-2.21.1.jar:/Users/medindev/.m2/repository/org/apache/kafka/kafka-server/3.7.1/kafka-server-3.7.1.jar:/Users/medindev/.m2/repository/net/sourceforge/argparse4j/argparse4j/0.7.0/argparse4j-0.7.0.jar:/Users/medindev/.m2/repository/commons-validator/commons-validator/1.7/commons-validator-1.7.jar:/Users/medindev/.m2/repository/commons-beanutils/commons-beanutils/1.9.4/commons-beanutils-1.9.4.jar:/Users/medindev/.m2/repository/commons-digester/commons-digester/2.1/commons-digester-2.1.jar:/Users/medindev/.m2/repository/commons-collections/commons-collections/3.2.2/commons-collections-3.2.2.jar:/Users/medindev/.m2/repository/com/fasterxml/jackson/module/jackson-module-scala_2.13/2.17.2/jackson-module-scala_2.13-2.17.2.jar:/Users/medindev/.m2/repository/com/thoughtworks/paranamer/paranamer/2.8/paranamer-2.8.jar:/Users/medindev/.m2/repository/com/fasterxml/jackson/dataformat/jackson-dataformat-csv/2.17.2/jackson-dataformat-csv-2.17.2.jar:/Users/medindev/.m2/repository/org/bitbucket/b_c/jose4j/0.9.4/jose4j-0.9.4.jar:/Users/medindev/.m2/repository/org/scala-lang/modules/scala-collection-compat_2.13/2.10.0/scala-collection-compat_2.13-2.10.0.jar:/Users/medindev/.m2/repository/org/scala-lang/modules/scala-java8-compat_2.13/1.0.2/scala-java8-compat_2.13-1.0.2.jar:/Users/medindev/.m2/repository/org/scala-lang/scala-reflect/2.13.12/scala-reflect-2.13.12.jar:/Users/medindev/.m2/repository/com/typesafe/scala-logging/scala-logging_2.13/3.9.4/scala-logging_2.13-3.9.4.jar:/Users/medindev/.m2/repository/io/dropwizard/metrics/metrics-core/4.1.12.1/metrics-core-4.1.12.1.jar:/Users/medindev/.m2/repository/commons-cli/commons-cli/1.4/commons-cli-1.4.jar:/Users/medindev/.m2/repository/org/apache/kafka/kafka_2.13/3.7.1/kafka_2.13-3.7.1-test.jar:/Users/medindev/.m2/repository/org/junit/jupiter/junit-jupiter-api/5.10.3/junit-jupiter-api-5.10.3.jar:/Users/medindev/.m2/repository/org/opentest4j/opentest4j/1.3.0/opentest4j-1.3.0.jar:/Users/medindev/.m2/repository/org/junit/platform/junit-platform-commons/1.10.3/junit-platform-commons-1.10.3.jar:/Users/medindev/.m2/repository/org/apiguardian/apiguardian-api/1.1.2/apiguardian-api-1.1.2.jar:/Users/medindev/.m2/repository/org/junit/platform/junit-platform-launcher/1.10.3/junit-platform-launcher-1.10.3.jar:/Users/medindev/.m2/repository/org/junit/platform/junit-platform-engine/1.10.3/junit-platform-engine-1.10.3.jar:/Users/medindev/.m2/repository/org/testcontainers/junit-jupiter/1.19.8/junit-jupiter-1.19.8.jar:/Users/medindev/.m2/repository/org/testcontainers/testcontainers/1.19.8/testcontainers-1.19.8.jar:/Users/medindev/.m2/repository/junit/junit/4.13.2/junit-4.13.2.jar:/Users/medindev/.m2/repository/org/hamcrest/hamcrest-core/2.2/hamcrest-core-2.2.jar:/Users/medindev/.m2/repository/org/apache/commons/commons-compress/1.24.0/commons-compress-1.24.0.jar:/Users/medindev/.m2/repository/org/rnorth/duct-tape/duct-tape/1.0.8/duct-tape-1.0.8.jar:/Users/medindev/.m2/repository/com/github/docker-java/docker-java-api/3.3.6/docker-java-api-3.3.6.jar:/Users/medindev/.m2/repository/com/github/docker-java/docker-java-transport-zerodep/3.3.6/docker-java-transport-zerodep-3.3.6.jar:/Users/medindev/.m2/repository/com/github/docker-java/docker-java-transport/3.3.6/docker-java-transport-3.3.6.jar:/Users/medindev/.m2/repository/net/java/dev/jna/jna/5.13.0/jna-5.13.0.jar:/Users/medindev/.m2/repository/org/testcontainers/postgresql/1.19.8/postgresql-1.19.8.jar:/Users/medindev/.m2/repository/org/testcontainers/jdbc/1.19.8/jdbc-1.19.8.jar:/Users/medindev/.m2/repository/org/testcontainers/database-commons/1.19.8/database-commons-1.19.8.jar:/Users/medindev/.m2/repository/org/testcontainers/kafka/1.19.8/kafka-1.19.8.jar:/Users/medindev/.m2/repository/au/com/dius/pact/consumer/junit5/4.6.15/junit5-4.6.15.jar:/Users/medindev/.m2/repository/au/com/dius/pact/consumer/4.6.15/consumer-4.6.15.jar:/Users/medindev/.m2/repository/au/com/dius/pact/core/support/4.6.15/support-4.6.15.jar:/Users/medindev/.m2/repository/io/github/oshai/kotlin-logging-jvm/5.1.4/kotlin-logging-jvm-5.1.4.jar:/Users/medindev/.m2/repository/org/jetbrains/kotlin/kotlin-stdlib-jdk8/1.9.25/kotlin-stdlib-jdk8-1.9.25.jar:/Users/medindev/.m2/repository/commons-codec/commons-codec/1.16.1/commons-codec-1.16.1.jar:/Users/medindev/.m2/repository/com/github/mifmif/generex/1.0.2/generex-1.0.2.jar:/Users/medindev/.m2/repository/dk/brics/automaton/automaton/1.11-8/automaton-1.11-8.jar:/Users/medindev/.m2/repository/au/com/dius/pact/core/model/4.6.15/model-4.6.15.jar:/Users/medindev/.m2/repository/au/com/dius/pact/core/pactbroker/4.6.15/pactbroker-4.6.15.jar:/Users/medindev/.m2/repository/org/apache/commons/commons-collections4/4.4/commons-collections4-4.4.jar:/Users/medindev/.m2/repository/javax/mail/mail/1.5.0-b01/mail-1.5.0-b01.jar:/Users/medindev/.m2/repository/javax/activation/activation/1.1/activation-1.1.jar:/Users/medindev/.m2/repository/io/ktor/ktor-http-jvm/2.3.8/ktor-http-jvm-2.3.8.jar:/Users/medindev/.m2/repository/org/jetbrains/kotlin/kotlin-stdlib-jdk7/1.9.25/kotlin-stdlib-jdk7-1.9.25.jar:/Users/medindev/.m2/repository/org/jetbrains/kotlinx/kotlinx-coroutines-jdk8/1.8.1/kotlinx-coroutines-jdk8-1.8.1.jar:/Users/medindev/.m2/repository/org/jetbrains/kotlinx/kotlinx-coroutines-core-jvm/1.8.1/kotlinx-coroutines-core-jvm-1.8.1.jar:/Users/medindev/.m2/repository/io/ktor/ktor-utils-jvm/2.3.8/ktor-utils-jvm-2.3.8.jar:/Users/medindev/.m2/repository/io/ktor/ktor-io-jvm/2.3.8/ktor-io-jvm-2.3.8.jar:/Users/medindev/.m2/repository/au/com/dius/pact/core/matchers/4.6.15/matchers-4.6.15.jar:/Users/medindev/.m2/repository/io/github/java-diff-utils/java-diff-utils/4.12/java-diff-utils-4.12.jar:/Users/medindev/.m2/repository/org/atteo/evo-inflector/1.3/evo-inflector-1.3.jar:/Users/medindev/.m2/repository/com/github/ajalt/mordant/1.2.1/mordant-1.2.1.jar:/Users/medindev/.m2/repository/com/github/ajalt/colormath/1.2.0/colormath-1.2.0.jar:/Users/medindev/.m2/repository/com/github/zafarkhaja/java-semver/0.9.0/java-semver-0.9.0.jar:/Users/medindev/.m2/repository/org/apache/httpcomponents/client5/httpclient5/5.3.1/httpclient5-5.3.1.jar:/Users/medindev/.m2/repository/org/apache/httpcomponents/core5/httpcore5/5.2.5/httpcore5-5.2.5.jar:/Users/medindev/.m2/repository/org/apache/httpcomponents/core5/httpcore5-h2/5.2.5/httpcore5-h2-5.2.5.jar:/Users/medindev/.m2/repository/org/json/json/20240205/json-20240205.jar:/Users/medindev/.m2/repository/org/apache/httpcomponents/client5/httpclient5-fluent/5.3.1/httpclient5-fluent-5.3.1.jar:/Users/medindev/.m2/repository/com/googlecode/java-diff-utils/diffutils/1.3.0/diffutils-1.3.0.jar:/Users/medindev/.m2/repository/io/ktor/ktor-server-netty/2.3.8/ktor-server-netty-2.3.8.jar:/Users/medindev/.m2/repository/org/jetbrains/kotlinx/kotlinx-coroutines-core/1.8.1/kotlinx-coroutines-core-1.8.1.jar:/Users/medindev/.m2/repository/org/jetbrains/kotlin/kotlin-stdlib-common/1.9.25/kotlin-stdlib-common-1.9.25.jar:/Users/medindev/.m2/repository/io/ktor/ktor-network-tls-certificates/2.3.8/ktor-network-tls-certificates-2.3.8.jar:/Users/medindev/.m2/repository/io/ktor/ktor-server-call-logging/2.3.8/ktor-server-call-logging-2.3.8.jar:/Users/medindev/.m2/repository/io/ktor/ktor-server-core/2.3.8/ktor-server-core-2.3.8.jar:/Users/medindev/.m2/repository/org/jetbrains/kotlinx/atomicfu/0.19.0/atomicfu-0.19.0.jar:/Users/medindev/.m2/repository/org/jetbrains/kotlinx/atomicfu-jvm/0.19.0/atomicfu-jvm-0.19.0.jar:/Users/medindev/.m2/repository/io/ktor/ktor-utils/2.3.8/ktor-utils-2.3.8.jar:/Users/medindev/.m2/repository/io/ktor/ktor-io/2.3.8/ktor-io-2.3.8.jar:/Users/medindev/.m2/repository/io/ktor/ktor-http/2.3.8/ktor-http-2.3.8.jar:/Users/medindev/.m2/repository/io/ktor/ktor-serialization/2.3.8/ktor-serialization-2.3.8.jar:/Users/medindev/.m2/repository/io/ktor/ktor-websockets/2.3.8/ktor-websockets-2.3.8.jar:/Users/medindev/.m2/repository/io/ktor/ktor-events/2.3.8/ktor-events-2.3.8.jar:/Users/medindev/.m2/repository/io/pact/plugin/driver/core/0.5.1/core-0.5.1.jar:/Users/medindev/.m2/repository/com/google/guava/guava/33.2.0-jre/guava-33.2.0-jre.jar:/Users/medindev/.m2/repository/com/google/guava/failureaccess/1.0.2/failureaccess-1.0.2.jar:/Users/medindev/.m2/repository/com/google/guava/listenablefuture/9999.0-empty-to-avoid-conflict-with-guava/listenablefuture-9999.0-empty-to-avoid-conflict-with-guava.jar:/Users/medindev/.m2/repository/com/google/code/findbugs/jsr305/3.0.2/jsr305-3.0.2.jar:/Users/medindev/.m2/repository/com/google/j2objc/j2objc-annotations/3.0.0/j2objc-annotations-3.0.0.jar:/Users/medindev/.m2/repository/com/vdurmont/semver4j/3.1.0/semver4j-3.1.0.jar:/Users/medindev/.m2/repository/io/grpc/grpc-netty/1.66.0/grpc-netty-1.66.0.jar:/Users/medindev/.m2/repository/io/grpc/grpc-api/1.66.0/grpc-api-1.66.0.jar:/Users/medindev/.m2/repository/io/netty/netty-codec-http2/4.1.113.Final/netty-codec-http2-4.1.113.Final.jar:/Users/medindev/.m2/repository/io/netty/netty-codec-http/4.1.113.Final/netty-codec-http-4.1.113.Final.jar:/Users/medindev/.m2/repository/io/grpc/grpc-core/1.66.0/grpc-core-1.66.0.jar:/Users/medindev/.m2/repository/com/google/android/annotations/4.1.1.4/annotations-4.1.1.4.jar:/Users/medindev/.m2/repository/org/codehaus/mojo/animal-sniffer-annotations/1.24/animal-sniffer-annotations-1.24.jar:/Users/medindev/.m2/repository/io/grpc/grpc-context/1.66.0/grpc-context-1.66.0.jar:/Users/medindev/.m2/repository/io/netty/netty-handler-proxy/4.1.113.Final/netty-handler-proxy-4.1.113.Final.jar:/Users/medindev/.m2/repository/io/netty/netty-codec-socks/4.1.113.Final/netty-codec-socks-4.1.113.Final.jar:/Users/medindev/.m2/repository/io/perfmark/perfmark-api/0.27.0/perfmark-api-0.27.0.jar:/Users/medindev/.m2/repository/io/grpc/grpc-util/1.66.0/grpc-util-1.66.0.jar:/Users/medindev/.m2/repository/io/grpc/grpc-protobuf/1.66.0/grpc-protobuf-1.66.0.jar:/Users/medindev/.m2/repository/com/google/protobuf/protobuf-java/3.25.3/protobuf-java-3.25.3.jar:/Users/medindev/.m2/repository/com/google/api/grpc/proto-google-common-protos/2.41.0/proto-google-common-protos-2.41.0.jar:/Users/medindev/.m2/repository/io/grpc/grpc-protobuf-lite/1.66.0/grpc-protobuf-lite-1.66.0.jar:/Users/medindev/.m2/repository/io/grpc/grpc-stub/1.66.0/grpc-stub-1.66.0.jar:/Users/medindev/.m2/repository/io/hotmoka/toml4j/0.7.3/toml4j-0.7.3.jar:/Users/medindev/.m2/repository/com/google/code/gson/gson/2.10.1/gson-2.10.1.jar:/Users/medindev/.m2/repository/org/rauschig/jarchivelib/1.2.0/jarchivelib-1.2.0.jar:/Users/medindev/.m2/repository/org/apache/commons/commons-lang3/3.14.0/commons-lang3-3.14.0.jar:/Users/medindev/.m2/repository/org/apache/commons/commons-text/1.10.0/commons-text-1.10.0.jar:/Users/medindev/.m2/repository/org/apache/tika/tika-core/2.9.1/tika-core-2.9.1.jar:/Users/medindev/.m2/repository/org/jetbrains/kotlin/kotlin-stdlib/1.9.25/kotlin-stdlib-1.9.25.jar:/Users/medindev/.m2/repository/org/jetbrains/annotations/13.0/annotations-13.0.jar:/Users/medindev/.m2/repository/org/jetbrains/kotlin/kotlin-reflect/1.9.25/kotlin-reflect-1.9.25.jar:/Users/medindev/.m2/repository/com/h2database/h2/2.2.224/h2-2.2.224.jar:
21:43:27.536 [main] INFO org.apache.zookeeper.ZooKeeper -- Client environment:java.library.path=/Users/medindev/Library/Java/Extensions:/Library/Java/Extensions:/Network/Library/Java/Extensions:/System/Library/Java/Extensions:/usr/lib/java:.
21:43:27.536 [main] INFO org.apache.zookeeper.ZooKeeper -- Client environment:java.io.tmpdir=/var/folders/df/6pqpl5h51zzczkcf2rd9dghw0000gn/T/
21:43:27.536 [main] INFO org.apache.zookeeper.ZooKeeper -- Client environment:java.compiler=<NA>
21:43:27.536 [main] INFO org.apache.zookeeper.ZooKeeper -- Client environment:os.name=Mac OS X
21:43:27.536 [main] INFO org.apache.zookeeper.ZooKeeper -- Client environment:os.arch=aarch64
21:43:27.536 [main] INFO org.apache.zookeeper.ZooKeeper -- Client environment:os.version=26.3.1
21:43:27.536 [main] INFO org.apache.zookeeper.ZooKeeper -- Client environment:user.name=medindev
21:43:27.536 [main] INFO org.apache.zookeeper.ZooKeeper -- Client environment:user.home=/Users/medindev
21:43:27.536 [main] INFO org.apache.zookeeper.ZooKeeper -- Client environment:user.dir=/Users/medindev/Dev/portfolio Backend/Microservices_architecture/services/common-library
21:43:27.536 [main] INFO org.apache.zookeeper.ZooKeeper -- Client environment:os.memory.free=49MB
21:43:27.536 [main] INFO org.apache.zookeeper.ZooKeeper -- Client environment:os.memory.max=4096MB
21:43:27.536 [main] INFO org.apache.zookeeper.ZooKeeper -- Client environment:os.memory.total=74MB
21:43:27.537 [main] INFO org.apache.zookeeper.ZooKeeper -- Initiating client connection, connectString=127.0.0.1:56966 sessionTimeout=18000 watcher=kafka.zookeeper.ZooKeeperClient$ZooKeeperClientWatcher$@614aeccc
21:43:27.538 [main] INFO org.apache.zookeeper.ClientCnxnSocket -- jute.maxbuffer value is 4194304 Bytes
21:43:27.541 [main] INFO org.apache.zookeeper.ClientCnxn -- zookeeper.request.timeout value is 0. feature enabled=false
21:43:27.541 [main-SendThread(127.0.0.1:56966)] INFO org.apache.zookeeper.ClientCnxn -- Opening socket connection to server /127.0.0.1:56966.
21:43:27.541 [main] INFO kafka.zookeeper.ZooKeeperClient -- [ZooKeeperClient Kafka server] Waiting until connected.
21:43:27.543 [main-SendThread(127.0.0.1:56966)] INFO org.apache.zookeeper.ClientCnxn -- Socket connection established, initiating session, client: /127.0.0.1:56967, server: /127.0.0.1:56966
21:43:27.552 [SyncThread:0] INFO org.apache.zookeeper.server.persistence.FileTxnLog -- Creating new log file: log.1
21:43:27.556 [SyncThread:0] INFO org.apache.zookeeper.audit.ZKAuditProvider -- ZooKeeper audit is disabled.
21:43:27.558 [main-SendThread(127.0.0.1:56966)] INFO org.apache.zookeeper.ClientCnxn -- Session establishment complete on server /127.0.0.1:56966, session id = 0x1000960e00b0000, negotiated timeout = 16000
21:43:27.559 [main] INFO kafka.zookeeper.ZooKeeperClient -- [ZooKeeperClient Kafka server] Connected.
21:43:27.694 [main] INFO kafka.server.KafkaServer -- Cluster ID = Fc9dC04dR56S39bMZl6gng
21:43:27.724 [main] INFO kafka.server.KafkaConfig -- KafkaConfig values: 
	advertised.listeners = null
	alter.config.policy.class.name = null
	alter.log.dirs.replication.quota.window.num = 11
	alter.log.dirs.replication.quota.window.size.seconds = 1
	authorizer.class.name = 
	auto.create.topics.enable = true
	auto.include.jmx.reporter = true
	auto.leader.rebalance.enable = true
	background.threads = 2
	broker.heartbeat.interval.ms = 2000
	broker.id = 0
[...]
21:43:28.985 [data-plane-kafka-request-handler-2] INFO kafka.log.UnifiedLog$ -- [LogLoader partition=__consumer_offsets-1, dir=/var/folders/df/6pqpl5h51zzczkcf2rd9dghw0000gn/T/spring.kafka.21bfabe6-c94e-4191-8841-74064776e5323618954017831663538] Loading producer state till offset 0 with message format version 2
21:43:28.986 [data-plane-kafka-request-handler-2] INFO kafka.log.LogManager -- Created log for partition __consumer_offsets-1 in /var/folders/df/6pqpl5h51zzczkcf2rd9dghw0000gn/T/spring.kafka.21bfabe6-c94e-4191-8841-74064776e5323618954017831663538/__consumer_offsets-1 with properties {cleanup.policy=compact, compression.type="producer", segment.bytes=104857600}
21:43:28.986 [data-plane-kafka-request-handler-2] INFO kafka.cluster.Partition -- [Partition __consumer_offsets-1 broker=0] No checkpointed highwatermark is found for partition __consumer_offsets-1
21:43:28.986 [data-plane-kafka-request-handler-2] INFO kafka.cluster.Partition -- [Partition __consumer_offsets-1 broker=0] Log loaded for partition __consumer_offsets-1 with initial high watermark 0
21:43:28.986 [data-plane-kafka-request-handler-2] INFO state.change.logger -- [Broker id=0] Leader __consumer_offsets-1 with topic id Some(RoHuAhkjRpWyGjM-jUleig) starts at leader epoch 0 from offset 0 with partition epoch 0, high watermark 0, ISR [0], adding replicas [] and removing replicas [] . Previous leader None and previous leader epoch was -1.
21:43:29.002 [data-plane-kafka-request-handler-2] INFO kafka.log.UnifiedLog$ -- [LogLoader partition=__consumer_offsets-0, dir=/var/folders/df/6pqpl5h51zzczkcf2rd9dghw0000gn/T/spring.kafka.21bfabe6-c94e-4191-8841-74064776e5323618954017831663538] Loading producer state till offset 0 with message format version 2
21:43:29.002 [data-plane-kafka-request-handler-2] INFO kafka.log.LogManager -- Created log for partition __consumer_offsets-0 in /var/folders/df/6pqpl5h51zzczkcf2rd9dghw0000gn/T/spring.kafka.21bfabe6-c94e-4191-8841-74064776e5323618954017831663538/__consumer_offsets-0 with properties {cleanup.policy=compact, compression.type="producer", segment.bytes=104857600}
21:43:29.002 [data-plane-kafka-request-handler-2] INFO kafka.cluster.Partition -- [Partition __consumer_offsets-0 broker=0] No checkpointed highwatermark is found for partition __consumer_offsets-0
21:43:29.002 [data-plane-kafka-request-handler-2] INFO kafka.cluster.Partition -- [Partition __consumer_offsets-0 broker=0] Log loaded for partition __consumer_offsets-0 with initial high watermark 0
21:43:29.002 [data-plane-kafka-request-handler-2] INFO state.change.logger -- [Broker id=0] Leader __consumer_offsets-0 with topic id Some(RoHuAhkjRpWyGjM-jUleig) starts at leader epoch 0 from offset 0 with partition epoch 0, high watermark 0, ISR [0], adding replicas [] and removing replicas [] . Previous leader None and previous leader epoch was -1.
21:43:29.013 [data-plane-kafka-request-handler-2] INFO kafka.coordinator.group.GroupCoordinator -- [GroupCoordinator 0]: Elected as the group coordinator for partition 3 in epoch 0
21:43:29.013 [data-plane-kafka-request-handler-2] INFO kafka.coordinator.group.GroupMetadataManager -- [GroupMetadataManager brokerId=0] Scheduling loading of offsets and group metadata from __consumer_offsets-3 for epoch 0
21:43:29.014 [data-plane-kafka-request-handler-2] INFO kafka.coordinator.group.GroupCoordinator -- [GroupCoordinator 0]: Elected as the group coordinator for partition 2 in epoch 0
21:43:29.014 [data-plane-kafka-request-handler-2] INFO kafka.coordinator.group.GroupMetadataManager -- [GroupMetadataManager brokerId=0] Scheduling loading of offsets and group metadata from __consumer_offsets-2 for epoch 0
21:43:29.014 [data-plane-kafka-request-handler-2] INFO kafka.coordinator.group.GroupCoordinator -- [GroupCoordinator 0]: Elected as the group coordinator for partition 4 in epoch 0
21:43:29.014 [data-plane-kafka-request-handler-2] INFO kafka.coordinator.group.GroupMetadataManager -- [GroupMetadataManager brokerId=0] Scheduling loading of offsets and group metadata from __consumer_offsets-4 for epoch 0
21:43:29.014 [data-plane-kafka-request-handler-2] INFO kafka.coordinator.group.GroupCoordinator -- [GroupCoordinator 0]: Elected as the group coordinator for partition 1 in epoch 0
21:43:29.014 [data-plane-kafka-request-handler-2] INFO kafka.coordinator.group.GroupMetadataManager -- [GroupMetadataManager brokerId=0] Scheduling loading of offsets and group metadata from __consumer_offsets-1 for epoch 0
21:43:29.014 [data-plane-kafka-request-handler-2] INFO kafka.coordinator.group.GroupCoordinator -- [GroupCoordinator 0]: Elected as the group coordinator for partition 0 in epoch 0
21:43:29.014 [data-plane-kafka-request-handler-2] INFO kafka.coordinator.group.GroupMetadataManager -- [GroupMetadataManager brokerId=0] Scheduling loading of offsets and group metadata from __consumer_offsets-0 for epoch 0
21:43:29.014 [data-plane-kafka-request-handler-2] INFO state.change.logger -- [Broker id=0] Finished LeaderAndIsr request in 73ms correlationId 3 from controller 0 for 5 partitions
21:43:29.015 [data-plane-kafka-request-handler-3] INFO state.change.logger -- [Broker id=0] Add 5 partitions and deleted 0 partitions from metadata cache in response to UpdateMetadata request sent by controller 0 epoch 1 with correlation id 4
21:43:29.016 [group-metadata-manager-0] INFO kafka.coordinator.group.GroupMetadataManager -- [GroupMetadataManager brokerId=0] Finished loading offsets and group metadata from __consumer_offsets-3 in 3 milliseconds for epoch 0, of which 1 milliseconds was spent in the scheduler.
21:43:29.016 [group-metadata-manager-0] INFO kafka.coordinator.group.GroupMetadataManager -- [GroupMetadataManager brokerId=0] Finished loading offsets and group metadata from __consumer_offsets-2 in 2 milliseconds for epoch 0, of which 2 milliseconds was spent in the scheduler.
21:43:29.016 [group-metadata-manager-0] INFO kafka.coordinator.group.GroupMetadataManager -- [GroupMetadataManager brokerId=0] Finished loading offsets and group metadata from __consumer_offsets-4 in 2 milliseconds for epoch 0, of which 2 milliseconds was spent in the scheduler.
21:43:29.016 [group-metadata-manager-0] INFO kafka.coordinator.group.GroupMetadataManager -- [GroupMetadataManager brokerId=0] Finished loading offsets and group metadata from __consumer_offsets-1 in 2 milliseconds for epoch 0, of which 2 milliseconds was spent in the scheduler.
21:43:29.017 [group-metadata-manager-0] INFO kafka.coordinator.group.GroupMetadataManager -- [GroupMetadataManager brokerId=0] Finished loading offsets and group metadata from __consumer_offsets-0 in 2 milliseconds for epoch 0, of which 2 milliseconds was spent in the scheduler.
21:43:29.035 [main] INFO org.apache.kafka.clients.consumer.internals.ConsumerCoordinator -- [Consumer clientId=consumer-phase5-group-1, groupId=phase5-group] Discovered group coordinator localhost:56968 (id: 2147483647 rack: null)
21:43:29.036 [main] INFO org.apache.kafka.clients.consumer.internals.ConsumerCoordinator -- [Consumer clientId=consumer-phase5-group-1, groupId=phase5-group] (Re-)joining group
21:43:29.044 [data-plane-kafka-request-handler-0] INFO kafka.coordinator.group.GroupCoordinator -- [GroupCoordinator 0]: Dynamic member with unknown member id joins group phase5-group in Empty state. Created a new member id consumer-phase5-group-1-febdae87-4ea5-4c70-accf-028ad570a237 and request the member to rejoin with this id.
21:43:29.046 [main] INFO org.apache.kafka.clients.consumer.internals.ConsumerCoordinator -- [Consumer clientId=consumer-phase5-group-1, groupId=phase5-group] Request joining group due to: need to re-join with the given member-id: consumer-phase5-group-1-febdae87-4ea5-4c70-accf-028ad570a237
21:43:29.046 [main] INFO org.apache.kafka.clients.consumer.internals.ConsumerCoordinator -- [Consumer clientId=consumer-phase5-group-1, groupId=phase5-group] (Re-)joining group
21:43:29.049 [data-plane-kafka-request-handler-1] INFO kafka.coordinator.group.GroupCoordinator -- [GroupCoordinator 0]: Preparing to rebalance group phase5-group in state PreparingRebalance with old generation 0 (__consumer_offsets-3) (reason: Adding new member consumer-phase5-group-1-febdae87-4ea5-4c70-accf-028ad570a237 with group instance id None; client reason: need to re-join with the given member-id: consumer-phase5-group-1-febdae87-4ea5-4c70-accf-028ad570a237)
21:43:29.051 [executor-Rebalance] INFO kafka.coordinator.group.GroupCoordinator -- [GroupCoordinator 0]: Stabilized group phase5-group generation 1 (__consumer_offsets-3) with 1 members
21:43:29.052 [main] INFO org.apache.kafka.clients.consumer.internals.ConsumerCoordinator -- [Consumer clientId=consumer-phase5-group-1, groupId=phase5-group] Successfully joined group with generation Generation{generationId=1, memberId='consumer-phase5-group-1-febdae87-4ea5-4c70-accf-028ad570a237', protocol='range'}
21:43:29.055 [main] INFO org.apache.kafka.clients.consumer.internals.ConsumerCoordinator -- [Consumer clientId=consumer-phase5-group-1, groupId=phase5-group] Finished assignment for group at generation 1: {consumer-phase5-group-1-febdae87-4ea5-4c70-accf-028ad570a237=Assignment(partitions=[order.events-0])}
21:43:29.058 [data-plane-kafka-request-handler-2] INFO kafka.coordinator.group.GroupCoordinator -- [GroupCoordinator 0]: Assignment received from leader consumer-phase5-group-1-febdae87-4ea5-4c70-accf-028ad570a237 for group phase5-group for generation 1. The group has 1 members, 0 of which are static.
21:43:29.079 [main] INFO org.apache.kafka.clients.consumer.internals.ConsumerCoordinator -- [Consumer clientId=consumer-phase5-group-1, groupId=phase5-group] Successfully synced group in generation Generation{generationId=1, memberId='consumer-phase5-group-1-febdae87-4ea5-4c70-accf-028ad570a237', protocol='range'}
21:43:29.080 [main] INFO org.apache.kafka.clients.consumer.internals.ConsumerCoordinator -- [Consumer clientId=consumer-phase5-group-1, groupId=phase5-group] Notifying assignor about the new Assignment(partitions=[order.events-0])
21:43:29.081 [main] INFO org.apache.kafka.clients.consumer.internals.ConsumerRebalanceListenerInvoker -- [Consumer clientId=consumer-phase5-group-1, groupId=phase5-group] Adding newly assigned partitions: order.events-0
21:43:29.086 [main] INFO org.apache.kafka.clients.consumer.internals.ConsumerCoordinator -- [Consumer clientId=consumer-phase5-group-1, groupId=phase5-group] Found no committed offset for partition order.events-0
21:43:29.094 [main] INFO org.apache.kafka.clients.consumer.internals.SubscriptionState -- [Consumer clientId=consumer-phase5-group-1, groupId=phase5-group] Resetting offset for partition order.events-0 to position FetchPosition{offset=0, offsetEpoch=Optional.empty, currentLeader=LeaderAndEpoch{leader=Optional[localhost:56968 (id: 0 rack: null)], epoch=0}}.
21:43:29.132 [main] INFO org.apache.kafka.clients.consumer.internals.SubscriptionState -- [Consumer clientId=consumer-phase5-group-1, groupId=phase5-group] Seeking to earliest offset of partition order.events-0
21:43:29.140 [main] INFO org.apache.kafka.clients.producer.ProducerConfig -- ProducerConfig values: 
	acks = -1
	auto.include.jmx.reporter = true
	batch.size = 16384
	bootstrap.servers = [127.0.0.1:56968]
	buffer.memory = 33554432
	client.dns.lookup = use_all_dns_ips
	client.id = producer-1
	compression.type = none
	connections.max.idle.ms = 540000
	delivery.timeout.ms = 120000
	enable.idempotence = true
	enable.metrics.push = true
	interceptor.classes = []
	key.serializer = class org.apache.kafka.common.serialization.StringSerializer
	linger.ms = 1
	max.block.ms = 60000
	max.in.flight.requests.per.connection = 5
	max.request.size = 1048576
	metadata.max.age.ms = 300000
	metadata.max.idle.ms = 300000
	metric.reporters = []
	metrics.num.samples = 2
	metrics.recording.level = INFO
	metrics.sample.window.ms = 30000
	partitioner.adaptive.partitioning.enable = true
	partitioner.availability.timeout.ms = 0
	partitioner.class = null
	partitioner.ignore.keys = false
	receive.buffer.bytes = 32768
	reconnect.backoff.max.ms = 1000
	reconnect.backoff.ms = 50
	request.timeout.ms = 30000
	retries = 2147483647
	retry.backoff.max.ms = 1000
	retry.backoff.ms = 100
	sasl.client.callback.handler.class = null
	sasl.jaas.config = null
	sasl.kerberos.kinit.cmd = /usr/bin/kinit
	sasl.kerberos.min.time.before.relogin = 60000
	sasl.kerberos.service.name = null
	sasl.kerberos.ticket.renew.jitter = 0.05
	sasl.kerberos.ticket.renew.window.factor = 0.8
	sasl.login.callback.handler.class = null
	sasl.login.class = null
	sasl.login.connect.timeout.ms = null
	sasl.login.read.timeout.ms = null
	sasl.login.refresh.buffer.seconds = 300
	sasl.login.refresh.min.period.seconds = 60
	sasl.login.refresh.window.factor = 0.8
	sasl.login.refresh.window.jitter = 0.05
	sasl.login.retry.backoff.max.ms = 10000
	sasl.login.retry.backoff.ms = 100
	sasl.mechanism = GSSAPI
	sasl.oauthbearer.clock.skew.seconds = 30
	sasl.oauthbearer.expected.audience = null
	sasl.oauthbearer.expected.issuer = null
	sasl.oauthbearer.jwks.endpoint.refresh.ms = 3600000
	sasl.oauthbearer.jwks.endpoint.retry.backoff.max.ms = 10000
	sasl.oauthbearer.jwks.endpoint.retry.backoff.ms = 100
	sasl.oauthbearer.jwks.endpoint.url = null
	sasl.oauthbearer.scope.claim.name = scope
	sasl.oauthbearer.sub.claim.name = sub
	sasl.oauthbearer.token.endpoint.url = null
	security.protocol = PLAINTEXT
	security.providers = null
	send.buffer.bytes = 131072
	socket.connection.setup.timeout.max.ms = 30000
	socket.connection.setup.timeout.ms = 10000
	ssl.cipher.suites = null
	ssl.enabled.protocols = [TLSv1.2, TLSv1.3]
	ssl.endpoint.identification.algorithm = https
	ssl.engine.factory.class = null
	ssl.key.password = null
	ssl.keymanager.algorithm = SunX509
	ssl.keystore.certificate.chain = null
	ssl.keystore.key = null
	ssl.keystore.location = null
	ssl.keystore.password = null
	ssl.keystore.type = JKS
	ssl.protocol = TLSv1.3
	ssl.provider = null
	ssl.secure.random.implementation = null
	ssl.trustmanager.algorithm = PKIX
	ssl.truststore.certificates = null
	ssl.truststore.location = null
	ssl.truststore.password = null
	ssl.truststore.type = JKS
	transaction.timeout.ms = 60000
	transactional.id = null
	value.serializer = class org.springframework.kafka.support.serializer.JsonSerializer

21:43:29.141 [main] INFO org.apache.kafka.common.telemetry.internals.KafkaMetricsCollector -- initializing Kafka metrics collector
21:43:29.144 [main] INFO org.apache.kafka.clients.producer.KafkaProducer -- [Producer clientId=producer-1] Instantiated an idempotent producer.
21:43:29.150 [main] INFO org.apache.kafka.common.utils.AppInfoParser -- Kafka version: 3.7.1
21:43:29.151 [main] INFO org.apache.kafka.common.utils.AppInfoParser -- Kafka commitId: e2494e6ffb89f828
21:43:29.151 [main] INFO org.apache.kafka.common.utils.AppInfoParser -- Kafka startTimeMs: 1774014209150
21:43:29.153 [kafka-producer-network-thread | producer-1] INFO org.apache.kafka.clients.Metadata -- [Producer clientId=producer-1] Cluster ID: Fc9dC04dR56S39bMZl6gng
21:43:29.160 [controller-event-thread] INFO kafka.controller.KafkaController -- [Controller id=0] Acquired new producerId block ProducerIdsBlock(assignedBrokerId=0, firstProducerId=0, size=1000) by writing to Zk with path version 1
21:43:29.258 [kafka-producer-network-thread | producer-1] INFO org.apache.kafka.clients.producer.internals.TransactionManager -- [Producer clientId=producer-1] ProducerId set to 0 with epoch 0
21:43:29.279 [main] INFO org.apache.kafka.clients.consumer.internals.SubscriptionState -- [Consumer clientId=consumer-phase5-group-1, groupId=phase5-group] Resetting offset for partition order.events-0 to position FetchPosition{offset=0, offsetEpoch=Optional.empty, currentLeader=LeaderAndEpoch{leader=Optional[localhost:56968 (id: 0 rack: null)], epoch=0}}.
21:43:29.342 [main] INFO org.apache.kafka.clients.consumer.internals.ConsumerRebalanceListenerInvoker -- [Consumer clientId=consumer-phase5-group-1, groupId=phase5-group] Revoke previously assigned partitions order.events-0
21:43:29.342 [main] INFO org.apache.kafka.clients.consumer.internals.ConsumerCoordinator -- [Consumer clientId=consumer-phase5-group-1, groupId=phase5-group] Member consumer-phase5-group-1-febdae87-4ea5-4c70-accf-028ad570a237 sending LeaveGroup request to coordinator localhost:56968 (id: 2147483647 rack: null) due to the consumer is being closed
21:43:29.343 [main] INFO org.apache.kafka.clients.consumer.internals.ConsumerCoordinator -- [Consumer clientId=consumer-phase5-group-1, groupId=phase5-group] Resetting generation and member id due to: consumer pro-actively leaving the group
21:43:29.343 [main] INFO org.apache.kafka.clients.consumer.internals.ConsumerCoordinator -- [Consumer clientId=consumer-phase5-group-1, groupId=phase5-group] Request joining group due to: consumer pro-actively leaving the group
21:43:29.344 [data-plane-kafka-request-handler-1] INFO kafka.coordinator.group.GroupCoordinator -- [GroupCoordinator 0]: Preparing to rebalance group phase5-group in state PreparingRebalance with old generation 1 (__consumer_offsets-3) (reason: Removing member consumer-phase5-group-1-febdae87-4ea5-4c70-accf-028ad570a237 on LeaveGroup; client reason: the consumer is being closed)
21:43:29.345 [data-plane-kafka-request-handler-1] INFO kafka.coordinator.group.GroupCoordinator -- [GroupCoordinator 0]: Group phase5-group with generation 2 is now empty (__consumer_offsets-3)
21:43:29.345 [data-plane-kafka-request-handler-1] INFO kafka.coordinator.group.GroupCoordinator -- [GroupCoordinator 0]: Member MemberMetadata(memberId=consumer-phase5-group-1-febdae87-4ea5-4c70-accf-028ad570a237, groupInstanceId=None, clientId=consumer-phase5-group-1, clientHost=/127.0.0.1, sessionTimeoutMs=60000, rebalanceTimeoutMs=300000, supportedProtocols=List(range, cooperative-sticky)) has left group phase5-group through explicit `LeaveGroup`; client reason: the consumer is being closed
21:43:29.794 [main] INFO org.apache.kafka.common.metrics.Metrics -- Metrics scheduler closed
21:43:29.795 [main] INFO org.apache.kafka.common.metrics.Metrics -- Closing reporter org.apache.kafka.common.metrics.JmxReporter
21:43:29.795 [main] INFO org.apache.kafka.common.metrics.Metrics -- Closing reporter org.apache.kafka.common.telemetry.internals.ClientTelemetryReporter
21:43:29.795 [main] INFO org.apache.kafka.common.metrics.Metrics -- Metrics reporters closed
21:43:29.804 [main] INFO org.apache.kafka.common.utils.AppInfoParser -- App info kafka.consumer for consumer-phase5-group-1 unregistered
]]></system-out>
    <system-err><![CDATA[Mar 20, 2026 9:43:26 PM org.junit.platform.launcher.core.LauncherConfigurationParameters loadClasspathResource
WARNING: Discovered 2 'junit-platform.properties' configuration files in the classpath; only the first will be used.
Mar 20, 2026 9:43:26 PM org.junit.platform.launcher.core.LauncherConfigurationParameters loadClasspathResource
WARNING: Discovered 2 'junit-platform.properties' configuration files in the classpath; only the first will be used.
Mar 20, 2026 9:43:26 PM org.junit.platform.launcher.core.LauncherConfigurationParameters loadClasspathResource
WARNING: Discovered 2 'junit-platform.properties' configuration files in the classpath; only the first will be used.
WARNING: A Java agent has been loaded dynamically (/Users/medindev/.m2/repository/net/bytebuddy/byte-buddy-agent/1.14.19/byte-buddy-agent-1.14.19.jar)
WARNING: If a serviceability tool is in use, please run with -XX:+EnableDynamicAgentLoading to hide this warning
WARNING: If a serviceability tool is not in use, please run with -Djdk.instrument.traceUsage for more information
WARNING: Dynamic loading of agents will be disallowed by default in a future release
]]></system-err>
  </testcase>
</testsuite>